'Na22','Co60','Ba133','Cs137'
'calib','calib','calib','calib'
0,0,0,0
0,0,0,1
37,49,36,97
312,555,464,1461
260,434,150,1126
260,443,107,909
255,466,101,830
273,472,98,787
240,460,134,808
263,481,135,895
264,520,203,867
292,489,376,1104
266,589,692,1311
358,555,1613,2193
316,608,3314,4393
386,667,4800,7293
354,607,4751,9145
371,656,3530,8272
317,633,1868,5626
345,579,922,3467
345,658,478,2222
342,623,303,1589
413,708,245,1300
390,694,324,1300
407,715,316,1229
403,678,379,1238
405,654,398,1172
375,628,382,1211
386,734,386,1207
410,681,327,1145
396,740,304,1227
467,755,385,1276
477,853,475,1416
588,895,504,1615
687,1078,680,1882
843,1314,898,2225
966,1519,1241,2551
1046,1635,1579,2734
1066,1678,1935,2658
939,1516,2109,2515
878,1410,2056,2190
774,1328,1723,2075
693,1206,1302,1854
683,1104,944,1746
587,1076,592,1647
531,942,383,1392
542,801,313,1253
473,783,219,1225
436,797,228,1153
412,739,224,1209
431,728,248,1103
402,698,247,1164
479,747,243,1183
399,704,248,1109
419,729,244,1109
445,771,253,1106
393,722,228,1182
456,761,240,1176
447,734,251,1080
426,744,211,1168
480,785,216,1129
459,808,248,1205
468,753,211,1152
464,790,223,1304
443,796,232,1236
426,808,236,1222
477,778,253,1188
437,792,237,1278
433,821,276,1247
493,798,268,1235
475,810,238,1250
489,855,308,1272
443,772,291,1225
468,821,294,1294
518,799,283,1295
510,854,251,1280
444,762,300,1344
513,851,263,1344
497,823,235,1378
535,803,285,1378
562,772,249,1456
522,834,253,1569
546,873,279,1542
569,802,264,1535
557,805,261,1605
546,826,255,1690
587,846,248,1729
568,845,260,1760
595,854,237,1764
595,854,249,1824
647,867,239,1697
612,923,242,1662
612,985,252,1706
590,931,224,1645
598,922,225,1750
603,983,228,1783
616,991,234,1707
622,1009,211,1768
583,989,212,1757
627,1023,218,1777
579,1011,223,1732
588,1017,193,1754
594,1073,201,1778
596,1088,217,1724
588,1045,207,1824
568,1120,189,1696
622,1049,205,1788
573,1086,199,1758
569,1104,227,1699
579,1076,234,1775
613,1044,215,1704
597,1095,228,1784
561,1063,230,1724
587,1102,285,1703
569,1039,281,1758
614,1071,277,1736
596,1065,283,1777
589,1131,303,1798
615,1094,345,1721
607,1036,349,1713
591,1146,332,1697
561,1115,355,1734
600,1094,380,1735
599,1056,418,1787
592,1060,388,1757
560,1067,462,1764
552,1039,465,1660
637,1131,480,1645
600,1085,419,1721
544,1063,417,1672
548,1078,434,1744
554,1007,431,1712
549,1074,391,1718
591,1047,366,1745
531,1021,332,1686
576,1040,339,1601
512,1082,332,1638
547,1060,307,1687
484,1038,344,1692
490,1056,398,1742
480,1053,414,1640
454,1015,458,1679
448,1052,541,1610
440,1018,604,1675
406,1062,689,1675
422,1031,743,1647
396,1034,803,1666
414,1069,809,1613
381,987,814,1560
388,1019,846,1638
399,1052,821,1652
365,981,828,1576
413,1006,805,1587
349,1049,696,1672
366,976,738,1753
355,954,684,1623
361,969,616,1642
378,944,541,1615
319,1028,470,1684
361,944,470,1631
319,942,405,1590
341,949,389,1593
306,977,300,1674
298,969,300,1675
350,960,230,1674
314,964,250,1697
317,938,242,1715
314,908,195,1654
282,945,202,1691
324,955,195,1714
307,888,150,1692
343,905,118,1757
301,946,124,1767
291,925,133,1697
291,860,129,1701
313,947,97,1729
319,892,86,1749
295,925,107,1725
291,914,97,1748
299,919,108,1653
290,890,96,1697
285,896,77,1620
276,918,95,1560
281,874,94,1531
283,862,88,1498
293,899,88,1452
339,884,61,1354
360,856,69,1359
333,869,61,1286
388,827,82,1249
439,859,59,1094
532,896,65,1094
536,842,57,1025
707,867,68,969
775,865,56,920
966,868,57,917
1130,873,64,853
1269,856,52,779
1471,839,66,750
1552,883,69,728
1733,879,52,678
1998,894,59,690
2093,828,68,642
2274,864,58,637
2184,799,68,615
2318,828,58,592
2310,845,45,585
2324,875,59,537
2333,767,75,537
2181,833,44,532
2115,796,57,513
1966,847,47,490
1814,834,48,439
1660,852,59,460
1559,830,51,453
1427,868,50,459
1266,808,54,404
1137,858,47,453
1047,796,50,427
934,779,59,386
849,814,48,397
794,787,35,374
677,783,51,409
628,839,45,331
612,727,49,346
496,805,62,350
501,762,57,343
457,780,60,354
438,756,48,336
397,819,61,328
398,767,46,307
333,785,50,337
308,812,59,334
315,759,45,364
277,755,46,372
265,746,51,452
235,796,50,508
261,774,64,627
250,752,66,651
239,755,66,851
214,778,67,1069
190,708,68,1265
204,726,74,1551
217,757,58,1841
209,740,77,2301
195,819,79,2901
205,739,96,3171
203,737,108,3769
200,714,90,4213
208,812,95,4909
192,733,117,5528
204,789,110,6023
185,773,121,6277
198,812,97,6864
217,806,135,7458
217,757,124,7796
209,774,112,7902
185,838,118,8067
229,831,117,8127
209,827,146,8169
220,766,113,7886
223,734,126,7823
194,835,125,7479
232,839,110,7133
196,815,107,6740
199,834,104,6580
211,775,118,6091
212,829,97,5719
225,818,93,5107
193,826,78,4747
186,806,93,4423
190,766,93,4006
184,780,86,3716
160,729,65,3468
152,771,64,3221
157,735,60,2889
176,804,72,2775
129,745,67,2527
143,753,57,2252
169,739,57,2092
133,787,63,1951
137,797,61,1805
140,731,57,1578
127,727,46,1480
127,769,53,1331
145,714,48,1230
128,770,43,1200
141,743,46,1093
141,742,37,963
157,753,40,909
141,765,42,841
123,758,41,703
139,731,41,655
97,763,47,620
108,731,43,560
123,708,34,491
120,734,31,407
130,752,26,386
120,738,37,345
105,763,35,315
104,707,29,288
115,683,34,221
106,727,38,217
105,741,38,166
117,761,23,130
84,755,21,120
113,726,33,110
119,771,30,73
113,757,38,68
127,791,45,63
104,763,27,46
106,767,34,39
101,768,23,31
115,743,16,46
114,762,30,31
125,784,26,31
134,747,24,22
106,793,23,17
114,776,33,22
110,764,25,20
133,785,31,25
119,803,30,16
131,858,26,9
113,824,16,15
127,810,26,12
111,799,29,18
108,842,25,16
127,873,23,10
134,806,26,12
126,859,26,20
115,839,29,20
135,877,25,11
112,772,23,7
92,835,31,10
123,819,22,19
121,813,36,19
109,821,19,17
140,796,28,20
149,845,26,10
112,811,32,8
135,816,29,10
117,791,25,5
130,790,30,12
118,743,31,7
124,786,21,14
138,789,23,8
131,787,19,24
138,680,23,8
125,735,18,12
138,775,25,10
134,725,28,12
111,687,25,17
127,719,29,19
121,647,34,10
147,686,20,15
137,671,27,15
123,630,26,8
132,644,24,15
124,652,25,16
128,594,20,9
141,631,16,8
140,640,21,18
125,651,33,12
141,572,23,15
124,601,19,11
131,563,17,10
125,587,27,8
123,585,38,11
110,597,27,17
107,604,30,13
112,585,36,11
127,600,22,7
112,582,25,6
100,553,26,14
93,581,24,19
101,617,31,12
102,580,20,13
95,581,26,11
94,565,27,13
89,552,24,11
85,513,26,12
88,546,22,12
80,563,21,14
80,557,30,12
94,554,25,9
90,510,27,11
76,526,21,8
87,527,26,18
84,551,24,11
68,486,23,10
86,482,26,11
78,486,19,14
68,486,26,16
67,504,25,15
69,460,24,12
64,530,32,10
61,488,26,9
53,529,22,12
73,623,20,7
51,567,27,14
47,594,26,15
56,675,20,7
72,718,16,14
58,766,19,8
55,818,29,5
41,939,20,8
53,1002,20,15
62,1020,13,7
51,1120,27,10
67,1205,24,9
53,1287,24,8
51,1448,21,5
56,1411,21,15
52,1510,24,12
38,1519,20,12
56,1588,30,7
43,1703,21,9
41,1716,19,12
58,1679,21,6
56,1679,21,10
60,1668,20,15
71,1680,11,14
62,1613,21,11
59,1568,22,9
72,1527,21,10
105,1533,19,9
102,1557,16,10
109,1490,20,13
130,1415,24,3
126,1354,13,9
123,1295,23,12
152,1170,13,10
180,1145,14,13
185,1101,13,5
181,1094,20,7
214,1094,18,14
220,1062,16,3
259,980,13,3
294,935,26,5
308,978,13,4
313,938,14,6
321,912,7,6
305,867,22,4
332,826,16,6
349,866,18,5
336,880,20,2
336,897,11,7
329,895,12,8
317,958,16,3
316,936,16,5
332,1051,19,7
313,1001,14,2
284,1074,11,10
311,1101,15,7
326,1124,15,8
304,1271,12,9
252,1239,17,5
273,1344,15,4
234,1339,13,5
215,1382,11,6
234,1457,6,5
222,1480,15,8
208,1483,15,2
192,1501,10,4
221,1470,16,6
167,1510,11,9
180,1491,15,9
153,1480,14,11
171,1450,17,6
137,1399,7,2
132,1379,14,10
148,1370,18,7
135,1340,12,9
130,1299,13,8
134,1197,16,4
120,1127,14,6
123,1178,10,11
117,1047,13,2
113,1056,14,5
88,997,20,14
91,974,19,3
92,917,25,11
96,789,15,6
95,879,9,6
96,775,8,4
79,800,20,4
66,676,15,10
80,735,17,9
67,658,16,8
65,620,16,2
86,611,13,9
77,602,22,8
54,519,27,4
65,516,20,4
79,496,17,5
66,465,17,7
76,425,23,7
50,436,29,4
52,459,19,13
57,397,17,6
58,372,23,10
53,358,11,7
49,345,18,12
47,320,12,7
51,352,18,6
53,296,19,10
51,291,16,8
41,293,20,7
47,265,20,6
32,266,22,10
28,261,15,8
49,229,19,2
37,220,23,11
40,247,21,10
25,206,14,2
30,187,16,9
41,181,15,9
39,193,26,2
24,188,13,6
33,149,15,7
31,157,13,6
21,129,15,9
18,132,15,6
23,146,17,4
18,116,17,9
26,109,14,5
23,113,20,6
20,90,16,6
27,90,12,3
25,94,20,7
21,83,12,4
27,86,14,6
23,72,12,4
13,72,16,5
17,74,11,4
22,52,9,4
16,73,7,5
21,58,12,2
23,41,10,3
16,70,11,7
17,38,5,5
20,44,15,2
12,32,14,2
20,35,10,1
13,32,7,3
21,43,12,5
17,37,9,1
26,27,14,5
19,38,6,2
14,31,9,5
13,30,12,3
18,31,11,9
18,24,10,4
13,19,10,4
13,36,5,3
7,29,12,4
16,27,10,3
13,24,10,3
12,18,12,6
12,27,22,4
14,33,7,3
18,28,9,7
15,39,5,1
12,26,5,4
11,22,11,2
9,29,7,4
6,27,11,5
13,26,5,3
20,33,7,0
9,27,5,4
9,20,4,3
5,21,6,5
6,31,9,1
11,20,10,4
14,21,2,2
13,27,8,4
5,21,5,1
11,18,9,2
14,24,8,2
10,16,3,1
9,24,9,4
20,25,9,1
8,17,4,3
15,12,7,1
16,27,13,0
14,27,8,3
22,16,4,0
17,23,6,1
16,15,6,2
13,14,5,0
9,14,7,2
15,16,6,5
26,20,5,2
12,14,9,1
17,19,4,3
15,23,7,2
20,24,4,0
15,15,8,3
13,26,3,0
18,19,5,2
23,15,7,2
13,17,14,0
17,23,6,0
21,19,4,1
13,20,5,3
12,18,7,0
16,17,6,1
11,22,4,1
17,13,4,1
8,17,7,2
17,22,4,2
9,21,11,3
10,18,6,2
13,24,2,0
16,14,3,2
14,21,7,4
11,15,5,1
11,5,1,1
14,9,2,0
10,16,7,0
9,11,4,0
13,16,4,3
4,19,4,0
9,13,5,3
10,21,7,1
6,11,5,1
7,14,5,0
8,15,4,1
13,14,3,1
10,22,5,2
6,16,3,1
5,18,8,2
8,15,2,1
2,17,5,3
4,14,6,0
5,15,1,1
2,15,3,2
1,11,7,0
10,12,4,1
8,12,5,1
2,17,3,1
4,15,4,1
5,14,8,0
3,26,2,0
10,15,3,1
4,12,6,0
4,13,5,1
6,21,1,0
7,11,2,2
5,11,3,3
2,14,5,1
7,18,2,0
8,28,1,1
4,13,4,0
5,13,6,0
5,13,4,0
5,21,5,1
3,10,5,0
3,12,3,0
3,14,4,1
5,18,0,0
5,9,2,1
3,17,3,1
4,10,3,0
2,13,3,0
3,17,5,0
5,17,5,0
2,15,4,0
4,18,5,0
5,12,3,0
4,17,4,2
2,14,3,0
0,12,6,1
1,13,4,0
2,19,6,1
2,12,5,0
5,7,2,2
7,17,0,1
7,13,7,3
5,8,3,1
2,17,3,2
3,20,3,0
2,10,4,0
6,13,1,0
3,19,2,0
5,15,3,3
1,16,6,2
3,12,3,1
4,16,4,1
6,19,6,0
4,19,2,2
1,17,4,0
4,13,3,1
4,20,4,2
1,6,7,0
3,19,2,0
1,17,5,2
2,14,4,0
3,16,3,1
4,21,2,3
8,14,3,0
7,11,1,2
5,12,2,2
2,12,4,1
2,12,2,0
5,13,3,0
3,11,7,4
2,13,3,3
4,11,3,1
3,17,8,1
2,6,1,1
1,16,4,2
2,10,4,2
3,12,4,1
2,14,1,0
4,7,1,0
3,12,3,1
4,8,4,0
1,5,3,1
2,15,3,0
4,13,3,0
2,14,3,1
1,14,2,2
3,5,0,1
5,10,2,0
4,11,3,1
1,9,1,2
2,5,2,0
0,16,4,0
2,12,1,2
4,8,2,1
3,10,1,1
2,12,2,1
2,9,2,0
3,8,1,1
2,8,1,1
3,8,3,1
1,8,1,0
4,9,7,0
6,5,3,2
1,9,1,2
0,6,1,0
1,4,1,2
3,8,1,0
1,8,3,3
0,13,0,2
1,9,3,1
2,5,3,1
1,5,1,3
3,5,5,1
2,11,3,1
3,11,1,0
2,11,3,0
0,4,1,1
5,5,0,1
4,6,2,0
2,13,0,1
4,6,1,0
3,9,4,0
2,7,1,0
2,12,5,0
1,8,3,0
2,15,0,0
5,12,8,0
2,12,3,2
3,8,0,0
2,13,5,0
1,19,4,0
4,15,3,0
3,16,6,0
3,9,1,0
4,17,3,2
5,15,3,1
3,19,2,1
2,7,1,1
6,10,6,0
4,20,3,0
4,13,4,3
7,11,1,0
4,10,5,1
4,10,4,0
2,13,3,1
4,16,3,0
4,16,3,0
5,9,3,0
1,15,4,1
4,13,4,1
2,19,4,0
4,16,3,1
4,13,3,0
2,10,1,0
3,8,2,0
4,13,3,1
3,12,3,1
4,10,4,1
3,10,4,0
3,12,2,0
2,6,2,2
3,8,3,0
2,9,1,1
4,8,4,0
7,5,7,2
3,7,2,1
0,9,4,0
4,7,3,1
3,8,6,1
4,5,2,1
4,5,2,0
5,7,3,1
0,7,6,1
3,7,3,0
1,6,3,1
2,5,1,1
2,6,4,1
2,5,1,1
5,2,2,1
0,5,1,0
1,5,0,0
1,5,1,3
3,6,1,1
1,7,1,0
1,5,2,0
2,6,0,3
0,2,1,2
5,5,1,1
0,8,0,1
3,3,0,1
1,5,0,2
0,3,3,1
0,3,3,0
4,4,0,1
1,1,2,0
4,1,0,1
1,2,0,2
3,3,1,0
2,2,0,1
0,1,0,0
2,3,0,0
1,2,2,0
0,1,0,0
0,2,0,0
2,2,1,0
3,3,1,1
1,3,1,0
0,2,1,1
0,2,2,0
0,5,0,1
2,1,0,1
0,3,0,0
0,3,0,0
3,1,0,1
2,1,0,0
1,2,0,0
1,3,3,0
0,2,1,2
1,1,1,0
4,0,1,0
0,1,1,0
2,2,0,1
1,0,1,1
0,3,1,0
1,3,0,0
0,0,1,0
2,0,0,1
0,2,0,0
0,2,2,1
0,1,2,0
2,1,0,0
0,0,0,1
1,3,1,2
1,1,0,0
1,1,0,1
0,1,1,0
1,2,1,0
1,1,1,0
0,1,3,0
2,0,0,0
0,1,1,0
0,1,1,0
1,0,0,0
0,1,0,0
2,0,1,0
1,0,1,0
1,3,1,0
1,0,1,0
0,0,0,0
0,0,1,0
1,0,1,0
1,1,0,0
2,1,0,1
0,1,1,0
0,0,0,0
0,2,0,0
2,1,0,0
1,0,0,0
0,0,2,0
0,0,0,0
1,0,0,0
0,1,0,0
0,1,0,0
0,1,0,0
0,1,0,0
1,1,0,0
1,1,1,0
0,0,1,0
1,2,0,1
0,1,0,0
1,0,1,0
1,0,1,1
0,3,1,0
0,0,1,0
1,0,0,0
0,0,2,1
1,0,1,0
2,0,2,0
1,0,0,0
1,0,0,0
0,1,1,0
0,0,0,0
0,2,0,0
0,0,0,0
0,0,1,0
0,0,0,0
0,0,0,0
0,1,0,0
1,0,0,0
0,1,0,1
0,1,0,0
1,1,0,0
0,0,1,0
1,1,1,0
0,1,0,0
0,2,0,0
0,0,0,1
0,2,0,0
0,1,0,0
0,1,0,0
1,1,0,0
1,1,1,0
0,0,1,0
0,1,1,1
1,0,0,0
0,1,0,0
0,0,0,0
0,1,0,0
0,1,0,0
2,0,1,0
1,0,0,0
1,0,1,0
0,3,0,1
0,1,0,0
0,1,0,0
0,0,0,0
0,0,0,0
1,0,0,0
0,0,0,0
1,0,3,1
0,2,0,0
0,1,0,0
0,1,0,0
1,0,0,0
1,1,0,0
0,1,0,0
1,1,0,0
0,0,0,0
0,0,1,0
0,0,0,0
0,0,0,0
0,0,0,0
1,0,1,0
1,0,1,0
0,0,0,0
0,0,0,0
2,0,2,1
1,1,0,1
0,1,0,0
0,0,0,0
0,0,0,0
0,0,0,0
1,1,0,0
0,0,1,0
0,1,1,0
0,0,1,0
0,0,0,0
0,0,0,0
0,1,0,0
0,0,0,0
0,0,1,0
0,0,0,0
1,0,0,1
0,0,0,0
0,0,0,0
0,0,0,0
0,0,0,0
0,0,0,0
0,0,0,0
0,0,0,0
0,0,0,0
0,0,0,0
0,0,0,0
0,0,0,0
0,0,0,0
0,0,0,0
0,0,0,0
0,0,0,0
0,0,0,0
0,0,0,0
0,0,0,0
0,0,0,0
0,0,0,0
0,0,0,0
0,0,0,0
0,0,0,0
0,0,0,0
0,0,0,0
0,0,0,0
0,0,0,0
0,0,0,0
0,0,0,0
0,0,0,0
0,0,0,0
0,0,0,0
0,0,0,0
