20,20,25,25,30,30,35,35,40,40,50,50,60,60,70,70,80,80,90,90,100,100
bck,main,main,bck,main,bck,bck,main,bck,main,main,bck,bck,main,bck,main,bck,main,main,bck,main,bck
0,0,0,0,0,0,0,0,0,0,0,0,0,0,0,0,0,0,0,0,0,0
0,1,0,0,0,0,0,0,0,0,0,0,0,0,0,0,0,0,0,0,0,0
6,10,46,7,7,12,14,18,4,9,8,8,9,12,8,12,9,4,8,6,10,9
95,135,379,88,150,107,98,133,74,89,119,80,106,117,93,124,85,88,93,80,85,83
90,101,127,65,80,58,54,80,56,68,68,49,52,66,56,52,37,62,71,46,60,56
70,104,106,52,88,72,48,92,63,77,88,70,54,57,41,78,45,54,63,40,63,45
74,91,80,40,94,64,56,73,48,65,88,60,55,86,48,57,43,62,63,40,52,52
69,112,78,57,101,63,46,85,45,65,89,61,47,62,34,62,32,59,49,59,68,49
72,99,83,53,80,78,57,80,38,83,83,64,52,72,51,67,48,62,70,40,68,39
89,102,108,53,106,70,58,74,61,79,94,71,47,78,61,79,42,67,57,51,63,43
106,93,95,51,104,63,45,95,46,82,95,71,55,84,55,72,55,64,52,39,54,55
67,127,109,67,87,72,59,76,59,66,106,69,47,78,60,64,56,71,83,61,59,53
71,136,94,61,91,64,57,84,48,95,104,81,59,78,51,66,42,71,67,63,77,52
106,121,110,62,109,92,56,98,63,81,112,65,67,78,62,103,61,60,79,77,65,57
112,152,107,69,119,93,76,112,84,127,130,78,66,88,82,108,58,72,124,69,104,54
100,169,125,82,157,106,71,125,81,136,150,93,59,99,83,89,59,96,113,96,109,63
107,136,154,87,123,108,75,137,86,132,122,89,77,112,73,125,74,104,121,87,111,79
95,170,124,74,133,101,87,131,79,98,165,91,70,103,79,113,70,104,107,65,100,76
96,129,130,56,140,92,92,123,75,114,111,88,91,109,71,99,61,92,110,67,90,76
98,150,116,76,136,83,82,126,80,131,105,69,79,96,75,110,67,106,91,56,92,69
129,177,116,74,126,70,75,128,76,112,114,90,66,106,77,110,66,103,96,69,89,52
107,178,118,65,139,114,78,117,71,113,138,83,62,101,68,109,65,78,112,75,96,57
124,184,132,76,146,104,91,120,98,136,145,98,70,97,79,112,58,94,106,70,119,87
139,171,155,84,152,107,65,160,85,141,185,91,65,102,66,121,76,104,130,89,133,79
111,201,150,102,191,115,104,159,70,152,148,110,78,111,88,128,72,94,119,99,122,89
133,172,140,92,150,118,94,146,96,134,165,88,80,136,90,104,73,89,134,100,121,66
127,173,161,99,165,106,94,160,82,149,135,107,76,127,84,137,62,118,131,84,122,91
104,183,139,78,163,120,97,147,83,144,169,103,98,128,82,133,70,122,124,97,125,87
131,182,153,87,190,108,93,169,98,134,178,95,74,142,98,132,74,117,142,89,150,93
143,199,171,97,197,112,81,149,90,156,171,97,98,120,90,160,75,108,120,90,140,97
168,245,145,105,174,111,71,143,109,159,206,111,89,134,101,206,66,126,166,85,162,95
175,283,172,106,203,129,92,183,125,191,220,121,88,146,115,197,96,122,180,115,166,123
248,326,213,109,222,143,106,174,148,212,241,146,96,154,115,199,79,147,216,119,161,119
287,392,211,116,277,195,117,168,168,253,269,150,112,173,140,235,94,154,253,140,220,149
433,488,217,128,331,227,131,214,225,352,329,195,121,172,178,294,105,164,271,174,268,182
506,635,257,151,441,262,178,274,264,398,426,236,135,183,215,333,116,166,315,213,343,221
537,751,313,208,519,355,186,328,283,431,469,313,148,247,255,379,148,206,384,217,359,209
574,704,364,230,596,399,250,370,302,477,503,335,170,235,264,411,150,229,416,268,454,262
509,718,428,231,585,411,298,425,333,482,526,337,207,294,266,449,180,287,435,304,401,268
446,672,465,275,547,432,327,495,298,434,545,343,249,379,264,405,233,317,413,253,437,247
419,611,495,305,510,410,315,501,279,423,504,316,262,386,258,387,256,372,438,238,409,273
411,519,519,305,499,375,326,522,274,422,486,321,301,421,250,433,237,371,415,247,371,280
350,450,482,291,431,357,285,443,264,385,461,293,285,435,255,354,242,364,400,270,421,251
303,446,465,277,421,294,276,432,246,381,453,289,275,466,250,389,245,365,377,241,396,224
285,413,384,251,366,263,277,430,213,376,439,269,270,434,235,352,280,358,349,242,332,215
235,338,405,254,377,269,258,397,204,318,402,264,258,403,210,362,224,389,393,240,347,230
214,379,426,244,391,224,232,383,198,319,416,274,256,387,193,325,199,356,347,222,329,237
197,345,409,196,330,220,265,385,182,300,392,221,255,416,200,336,209,331,315,201,306,209
185,327,365,183,347,202,220,383,165,305,392,218,218,331,205,318,235,388,312,205,305,188
176,308,346,172,274,185,222,343,169,298,385,197,232,342,189,330,213,317,307,153,284,192
196,309,361,185,298,199,212,319,190,271,337,232,208,338,176,309,192,314,311,199,313,193
145,335,315,174,312,183,188,372,165,333,376,187,186,338,183,331,200,295,319,182,332,171
177,360,342,178,310,172,184,332,135,295,306,220,217,320,191,317,198,295,330,209,287,192
183,297,340,177,307,187,191,351,166,332,341,206,163,319,201,309,190,291,310,195,296,184
173,329,321,177,340,167,178,307,152,299,355,211,195,340,192,302,194,260,303,203,297,211
197,325,351,163,322,176,172,341,147,263,330,193,166,344,181,355,186,293,306,181,294,201
186,309,351,163,294,194,166,339,152,337,397,200,171,319,178,292,166,286,319,178,292,202
171,315,327,159,317,171,201,323,149,296,366,224,159,323,190,337,193,296,304,187,345,203
205,325,318,155,311,178,168,312,141,281,404,203,190,289,184,291,163,279,329,182,317,169
195,328,346,172,318,150,180,322,160,310,338,195,152,321,205,295,173,298,326,203,294,189
157,339,351,147,317,168,170,329,164,318,343,203,191,302,196,298,154,293,331,207,353,192
163,319,326,169,316,181,185,330,158,304,329,228,172,334,158,309,172,285,321,180,345,190
201,285,311,145,326,165,208,340,140,301,356,209,173,314,198,299,173,281,316,174,317,184
182,297,344,176,289,173,177,339,171,270,334,210,169,293,190,326,172,300,346,177,325,202
188,297,314,159,278,174,170,344,174,279,332,199,183,316,198,335,218,292,341,205,333,169
196,313,327,184,311,189,159,312,162,295,350,225,184,312,190,327,175,302,364,193,327,179
197,291,317,160,289,158,189,318,141,257,325,204,179,322,208,311,178,330,322,192,324,225
162,273,323,155,278,169,186,343,154,246,312,203,151,307,170,303,184,308,310,210,320,173
193,319,302,177,281,177,172,304,175,239,314,196,187,360,159,312,163,330,312,201,333,228
188,299,331,178,294,172,177,308,154,277,326,173,192,299,201,312,187,302,334,204,322,195
181,299,311,157,261,195,177,314,159,274,318,199,167,296,188,333,157,312,295,192,333,190
208,272,331,145,280,151,168,310,167,254,326,206,183,310,166,316,180,296,289,187,314,196
209,310,312,151,288,195,180,319,130,279,347,191,159,294,162,302,180,315,289,186,285,207
189,296,300,176,274,172,157,310,145,274,321,188,199,302,165,273,168,301,287,194,302,177
205,303,286,163,251,162,169,296,169,247,343,180,182,285,174,316,185,280,293,182,299,187
188,342,302,139,279,165,161,319,147,236,310,185,168,297,168,275,162,284,325,187,306,197
198,353,316,177,268,144,203,295,167,261,301,196,189,308,163,288,174,284,281,175,297,156
200,267,278,162,272,170,150,281,167,262,287,185,175,306,181,277,213,294,293,170,288,192
195,300,334,165,265,181,171,320,132,275,316,177,179,281,165,285,201,271,252,167,300,195
196,305,289,146,268,180,185,301,142,260,302,188,174,254,169,279,181,261,283,165,309,189
202,306,291,160,283,159,155,313,150,276,306,174,168,299,170,254,177,271,249,205,288,165
188,315,295,163,289,159,171,264,170,247,366,189,163,285,156,251,161,232,276,177,305,167
191,315,274,158,264,172,170,285,154,242,288,189,170,272,156,249,172,227,273,181,284,175
214,299,277,163,287,174,156,302,126,241,309,190,136,283,148,285,160,233,268,179,287,176
224,312,278,178,278,179,137,308,134,257,298,173,182,267,159,258,167,242,241,178,262,212
201,319,283,143,285,170,177,310,132,260,265,187,167,284,158,231,160,259,275,175,241,196
224,287,260,144,267,166,173,260,154,240,271,195,162,266,145,271,153,264,251,165,296,174
217,278,310,147,281,166,197,281,149,258,279,188,153,274,178,245,159,197,264,182,269,198
196,336,289,160,287,164,178,274,148,232,271,189,158,278,153,273,150,240,241,163,246,179
183,324,274,163,272,171,176,278,145,234,265,187,187,268,169,223,160,234,249,160,265,183
212,306,323,188,272,174,145,257,174,239,293,169,141,257,154,235,142,219,241,181,302,188
237,332,318,157,266,161,145,301,137,240,259,158,162,294,159,246,152,211,241,155,259,190
198,301,285,168,296,182,166,283,158,210,293,173,152,238,198,251,171,231,264,190,299,206
222,335,296,190,270,149,150,286,157,244,293,133,150,259,139,250,162,231,274,158,288,189
229,321,279,165,263,163,161,275,141,237,247,171,144,278,132,198,156,196,254,188,277,190
169,291,288,157,265,174,167,262,125,243,263,186,143,249,167,230,170,220,254,180,251,191
211,301,283,186,266,164,161,269,139,214,291,163,143,252,151,200,149,237,259,165,254,192
191,310,265,172,270,170,142,281,141,238,294,185,163,227,158,191,136,239,235,153,271,187
192,310,290,142,272,169,131,275,117,251,271,157,153,232,123,243,142,213,264,163,245,172
206,313,249,134,260,154,148,279,130,216,269,197,158,252,147,238,145,212,252,171,220,192
201,274,258,146,262,143,162,269,122,222,266,146,141,238,127,265,154,237,210,179,262,154
173,310,272,143,255,152,145,277,135,232,270,181,132,231,134,218,145,217,258,178,251,164
173,274,288,150,264,177,164,277,129,242,255,171,130,241,145,237,150,194,219,182,255,164
195,269,305,158,253,168,143,252,139,212,251,155,144,252,166,226,162,217,219,159,249,154
170,273,297,143,261,146,156,261,149,215,248,153,134,229,149,190,154,211,195,132,219,150
187,257,215,156,247,140,142,263,119,192,260,153,157,224,138,211,152,214,220,151,270,157
160,273,269,129,208,151,165,249,116,223,265,174,157,218,162,220,138,215,234,153,302,132
179,297,294,133,255,152,175,256,126,205,255,171,139,234,149,198,136,210,226,153,294,115
186,266,246,122,229,125,175,222,125,235,247,136,159,245,138,225,126,190,229,118,311,143
170,258,242,134,215,132,164,235,140,212,264,133,140,225,145,235,162,226,237,149,323,141
154,268,276,137,252,168,156,223,129,204,247,168,173,205,137,221,147,212,226,153,342,148
178,234,235,137,232,141,131,256,121,206,238,148,166,219,148,191,174,209,242,128,346,134
180,258,247,125,255,128,155,248,113,212,252,148,147,204,130,163,134,209,224,144,344,108
184,276,254,133,205,167,133,219,135,211,221,142,135,204,156,180,135,204,236,135,334,137
186,262,234,121,247,160,133,219,117,209,248,141,131,223,124,208,139,198,273,136,346,138
175,269,231,137,220,128,110,245,126,208,264,141,132,209,120,187,149,185,246,122,352,112
145,254,196,137,249,174,140,278,120,206,256,129,142,231,134,203,159,188,249,147,336,96
167,249,234,129,212,162,142,227,120,196,246,142,158,219,123,196,144,195,278,152,324,97
182,281,254,124,222,165,114,264,121,161,226,130,173,220,131,180,134,200,278,123,305,119
153,268,228,131,233,136,141,251,129,213,204,165,137,230,148,192,148,177,277,121,332,121
166,269,228,136,216,153,123,249,99,177,224,133,139,209,125,187,152,203,289,120,330,122
176,257,238,107,243,145,156,232,112,195,204,179,131,201,121,188,142,207,304,125,302,99
146,238,250,135,236,138,137,232,117,215,226,116,157,214,125,193,128,196,268,131,276,97
167,276,248,118,203,152,125,228,115,190,240,156,125,190,120,176,121,200,293,111,284,111
144,259,207,119,211,142,138,238,123,169,218,149,116,185,111,189,128,187,323,144,283,100
154,239,205,115,220,152,151,208,101,170,192,139,119,182,121,184,142,162,317,116,242,85
146,260,214,114,232,164,125,260,114,172,237,125,116,195,102,181,135,198,301,116,235,133
165,261,232,124,242,135,132,220,103,212,223,146,151,180,107,202,129,194,310,111,204,103
141,252,210,128,225,131,132,218,120,184,205,163,135,185,107,203,111,185,303,139,213,105
138,238,216,106,214,131,128,210,112,190,205,122,113,211,123,184,129,155,288,121,168,108
177,248,217,104,201,152,148,214,95,181,214,142,123,188,100,186,115,180,249,113,174,115
148,252,240,112,201,142,125,203,102,175,214,144,123,191,127,177,101,216,254,130,166,108
149,261,212,129,223,144,124,211,120,198,218,133,131,195,113,180,126,198,250,100,163,112
146,257,209,102,230,153,140,215,115,184,189,143,120,178,114,184,106,183,293,110,164,94
161,262,228,131,242,154,139,240,101,193,180,134,115,166,112,225,100,205,255,93,157,91
151,254,192,118,224,131,142,229,119,190,189,137,125,165,106,189,132,202,239,100,138,105
177,244,244,101,232,122,112,203,117,168,180,118,116,167,102,198,132,193,216,105,158,110
186,235,231,116,232,150,128,206,117,199,202,132,113,182,106,212,101,196,201,87,134,93
160,237,226,113,222,149,142,204,103,177,206,135,110,179,111,208,127,195,201,85,144,84
177,262,201,95,186,132,105,216,121,184,208,128,136,177,115,219,111,218,182,89,138,86
163,265,226,104,194,147,126,254,117,214,185,149,127,171,89,230,99,184,171,91,127,86
163,246,187,110,190,126,138,229,127,173,214,120,132,159,107,239,128,233,151,97,117,92
168,238,195,118,227,153,146,221,98,163,176,152,108,177,95,227,103,236,176,112,111,109
135,210,253,114,214,150,136,216,122,187,187,129,118,185,96,246,84,226,145,96,123,92
152,234,199,120,213,140,113,231,120,156,182,122,98,166,97,271,104,279,153,83,126,84
142,265,206,116,235,120,128,191,127,185,155,129,113,161,112,261,109,210,146,101,130,94
154,240,217,99,235,139,113,214,132,152,178,123,114,175,102,257,114,235,145,82,122,86
153,242,198,118,214,139,129,224,106,188,175,125,126,164,109,240,99,258,134,88,106,93
144,238,187,96,217,123,115,210,99,166,180,128,90,183,109,240,102,262,140,83,82,95
151,247,216,111,225,151,111,185,91,170,155,125,105,174,105,256,104,299,113,80,101,67
133,230,190,120,204,148,119,190,88,156,166,125,100,174,90,225,93,238,145,97,104,69
167,234,217,96,207,133,131,227,112,151,177,111,137,174,107,258,108,235,121,88,115,90
171,237,187,105,198,146,118,198,111,147,164,113,104,166,94,243,77,248,129,101,97,82
140,248,223,111,215,149,125,201,113,156,173,120,113,169,84,272,103,236,91,84,104,93
172,219,203,109,185,116,115,201,109,136,171,116,113,168,67,253,88,251,93,81,84,87
153,212,215,108,217,127,115,183,104,143,167,129,101,161,98,247,93,227,109,78,91,90
133,216,194,93,209,116,104,209,87,147,175,101,89,180,86,215,114,231,98,86,89,86
155,220,202,117,193,160,138,188,89,145,188,108,105,155,81,243,97,239,100,68,84,84
156,255,206,109,208,145,103,179,77,138,174,110,108,169,83,224,97,234,84,77,90,70
157,207,198,113,204,126,118,195,88,130,164,88,97,167,89,201,87,206,84,80,83,74
135,222,199,100,196,124,100,198,96,124,190,115,98,197,69,215,86,198,116,68,65,85
146,176,218,106,177,154,111,185,82,137,224,112,78,170,87,219,99,190,110,77,86,62
153,229,207,117,198,141,112,169,95,139,185,104,89,198,91,214,84,195,77,86,92,86
162,231,169,93,175,130,97,168,106,135,158,94,87,145,68,198,89,193,81,70,84,73
132,238,190,87,168,130,90,174,102,141,204,99,92,195,87,187,83,181,91,71,66,95
140,222,188,88,174,133,118,154,69,124,197,109,114,204,69,192,86,155,72,81,80,72
133,198,178,104,181,133,93,173,99,156,193,95,101,197,68,153,93,178,94,81,75,80
139,214,182,103,188,132,107,173,86,152,189,97,74,188,80,180,103,151,85,84,90,77
145,187,191,101,150,112,103,177,77,128,212,98,106,190,91,147,101,141,76,69,90,76
143,195,185,80,190,143,97,147,87,140,201,98,102,193,78,153,75,153,96,80,72,76
119,206,190,93,182,110,102,171,88,155,225,101,84,234,82,155,63,136,71,76,73,55
125,210,198,107,185,102,120,150,82,125,210,80,92,212,75,143,80,115,82,76,75,76
117,194,167,107,185,119,105,170,85,165,210,105,101,195,76,136,81,120,84,67,78,65
137,203,171,101,180,114,106,180,70,145,218,80,88,185,71,131,79,136,77,78,76,55
143,170,174,91,171,137,85,152,80,130,230,84,84,222,71,133,77,117,77,66,62,80
104,189,181,84,179,129,97,154,80,138,222,98,85,202,73,139,75,114,62,69,83,70
164,190,162,93,183,113,104,143,89,136,223,95,93,214,79,112,77,112,65,68,58,60
127,191,163,103,159,116,101,150,76,142,258,90,82,235,76,97,70,111,72,52,57,83
127,162,165,94,153,142,107,161,71,139,239,86,80,230,75,95,75,95,64,65,67,70
143,153,153,105,165,105,87,154,78,159,262,77,93,258,63,108,74,95,74,55,91,65
132,154,147,95,181,112,81,148,89,167,271,100,79,246,61,102,90,117,58,73,73,61
137,166,170,84,171,126,94,159,72,154,273,91,78,227,82,86,72,85,62,76,69,77
127,199,178,93,193,115,97,154,88,166,237,88,95,260,77,88,83,81,61,77,78,74
136,189,155,73,186,139,81,134,83,150,256,84,55,266,76,94,66,84,67,73,64,66
134,177,151,74,185,122,82,142,89,139,259,93,71,250,71,87,72,82,69,63,74,77
118,193,167,74,173,119,101,143,75,167,288,112,68,241,65,81,70,85,77,74,70,73
147,180,132,86,193,108,82,160,81,169,270,84,78,225,70,81,60,71,67,70,62,78
143,165,142,70,166,143,85,140,76,174,285,94,62,239,76,74,75,77,80,65,60,67
152,187,120,82,153,121,74,169,101,205,231,81,78,263,66,71,68,78,75,71,46,71
122,181,150,78,188,127,73,123,78,191,295,88,79,238,69,77,78,83,47,53,60,48
139,155,147,73,192,128,86,150,83,207,276,88,71,231,89,88,60,75,67,75,78,58
140,183,142,83,191,122,81,151,76,192,243,72,56,216,77,74,55,73,66,64,57,73
122,149,161,80,189,128,88,144,78,225,255,89,69,245,76,58,62,69,69,75,68,57
117,188,117,81,197,122,77,146,92,219,258,71,49,230,72,78,70,60,64,60,60,77
131,190,118,72,180,136,77,170,84,234,260,89,69,234,74,77,66,71,72,67,68,51
126,210,129,77,178,122,74,165,84,214,260,83,72,210,63,54,58,66,73,69,55,83
147,177,133,77,209,145,99,163,90,235,227,81,73,186,62,75,75,63,61,60,70,71
159,160,151,82,170,119,76,158,83,244,243,82,73,166,72,79,54,60,61,73,52,66
138,212,145,70,193,121,69,147,91,272,242,93,77,207,79,73,53,69,71,52,60,82
122,204,133,79,228,127,87,181,75,246,210,95,78,203,54,64,60,58,52,62,47,67
166,207,131,71,210,144,82,147,86,283,254,81,69,183,69,77,63,61,67,58,59,69
155,183,139,72,242,147,65,159,92,247,237,88,70,168,75,64,54,66,67,71,59,60
141,179,127,60,223,122,100,162,98,264,239,112,68,168,61,51,57,66,68,53,69,79
140,165,137,64,240,154,79,179,110,267,235,102,71,131,74,74,72,62,51,70,61,61
143,227,151,87,260,142,75,199,91,276,209,100,72,154,76,69,69,55,71,66,73,82
160,200,136,83,255,131,87,190,110,283,226,103,73,143,68,71,80,67,51,71,63,71
146,218,128,61,257,177,74,209,120,277,213,91,76,141,76,61,68,65,72,72,69,68
166,214,131,77,258,159,74,198,96,273,174,97,63,157,56,70,74,61,66,80,82,52
139,237,143,65,264,159,89,196,114,274,196,118,63,116,66,69,58,54,62,64,74,63
150,225,143,69,286,165,81,196,114,287,187,101,67,142,82,58,80,64,62,52,70,66
156,225,132,73,270,139,93,225,106,267,208,101,60,118,66,74,52,62,59,89,72,73
164,219,133,79,294,148,88,225,106,258,188,99,71,122,69,61,48,57,67,77,60,69
159,237,157,76,294,148,74,250,126,267,180,115,68,118,56,68,56,69,67,63,62,60
151,249,151,75,310,144,76,249,139,303,152,99,64,113,62,72,63,54,69,69,60,81
151,275,151,63,347,166,78,229,129,253,161,120,63,96,74,73,65,53,66,59,68,72
161,293,169,78,331,159,78,247,109,283,170,110,75,101,65,73,41,58,62,66,86,60
163,275,175,79,349,183,79,257,135,238,165,109,69,102,73,62,51,59,61,69,62,53
166,297,175,69,339,170,87,233,154,238,137,113,68,100,70,64,70,68,65,69,69,70
177,309,155,58,313,180,87,267,108,238,152,115,68,89,73,80,66,75,69,78,60,64
164,311,143,78,366,166,79,289,147,254,144,122,88,88,64,57,69,49,69,63,74,59
193,336,177,68,377,187,91,287,124,255,150,131,67,112,89,63,60,68,69,58,69,65
167,297,175,77,367,177,87,251,124,233,135,128,87,78,69,59,63,66,68,55,64,71
154,371,210,81,354,161,89,291,146,224,128,126,64,93,57,79,51,58,74,59,63,73
192,380,183,78,358,195,70,274,118,224,147,132,85,71,67,54,66,70,60,56,66,47
189,366,211,74,394,196,74,278,132,238,129,122,80,79,71,73,71,69,57,68,69,73
165,351,218,73,348,220,87,297,138,197,137,103,62,90,70,89,69,51,60,61,66,55
186,363,227,62,391,195,83,270,119,207,133,118,84,84,76,69,68,64,66,48,51,71
169,419,243,94,409,193,94,270,129,200,137,119,74,76,69,59,52,72,59,69,70,72
166,389,227,90,345,193,73,277,142,198,149,99,78,84,70,71,74,59,59,54,66,75
178,371,220,74,393,197,65,264,127,188,132,122,71,76,72,73,68,61,70,63,57,58
203,405,246,72,407,192,90,275,150,187,137,86,79,82,72,75,61,69,74,68,62,67
181,374,266,80,347,204,86,272,135,186,121,113,68,110,66,58,65,62,72,77,70,73
173,376,267,87,365,190,89,264,158,170,123,112,59,93,68,60,81,54,58,60,65,64
176,385,251,89,329,184,92,238,124,139,91,99,77,88,63,64,68,66,59,74,76,71
192,360,269,82,367,198,83,264,118,163,92,92,88,64,67,66,60,64,68,58,61,66
186,402,286,80,354,190,89,290,109,122,91,110,84,102,77,66,66,57,74,73,78,70
176,373,296,75,340,197,93,284,97,120,97,99,65,87,69,72,71,65,64,66,60,62
171,385,269,70,334,180,78,263,100,148,86,84,62,77,59,69,66,49,80,74,62,59
154,398,287,82,302,188,94,221,89,112,114,112,80,87,62,63,65,71,65,71,58,59
165,364,280,95,279,192,86,206,95,107,96,95,76,96,69,60,60,65,69,57,66,51
177,353,291,79,308,183,90,237,100,106,86,103,72,86,64,68,76,63,61,56,68,65
147,342,308,103,279,175,77,243,113,126,82,84,62,76,68,58,66,59,87,69,52,64
161,319,322,67,256,191,83,219,102,99,82,66,85,56,66,59,77,65,60,57,67,92
160,318,306,66,248,165,88,218,102,100,85,85,68,71,72,51,64,61,56,65,66,65
133,319,306,104,244,158,82,191,87,104,65,76,74,67,55,54,61,65,51,65,54,63
144,279,315,89,268,149,89,195,94,103,70,67,77,73,55,67,47,67,63,66,56,55
130,289,337,66,221,143,81,179,88,105,60,77,61,66,54,63,73,69,52,60,53,72
132,269,301,84,198,139,93,196,93,90,93,83,68,65,68,59,56,65,59,54,54,57
147,264,301,81,212,166,96,164,84,87,55,74,79,54,60,70,76,62,48,45,52,49
106,275,324,66,179,154,80,151,67,80,75,71,66,77,65,42,61,63,56,78,65,58
118,268,303,69,191,148,78,146,84,85,75,93,76,60,66,61,73,71,58,62,63,70
131,233,283,82,192,150,89,144,63,71,82,76,68,55,63,61,85,58,69,57,60,61
129,240,289,81,162,132,70,138,80,65,80,80,72,56,68,69,54,78,67,67,67,69
117,213,273,78,176,134,78,139,80,78,78,84,72,66,66,66,67,61,68,64,52,56
101,172,271,85,175,132,73,115,69,75,75,79,74,56,67,56,69,60,59,52,54,67
101,201,268,79,156,117,72,125,89,73,81,69,50,72,62,61,65,66,64,65,69,63
116,186,252,61,166,109,81,124,72,73,76,62,73,79,61,56,59,70,65,61,65,65
103,153,232,72,123,119,74,124,57,58,59,73,59,69,61,71,57,44,64,65,59,67
101,168,228,79,141,106,86,117,57,78,70,57,57,65,71,69,54,55,61,54,68,67
95,146,204,68,129,104,74,110,61,67,76,63,65,56,48,69,86,55,49,67,54,71
110,134,216,61,137,117,63,97,57,54,69,70,60,66,63,59,49,56,53,69,50,65
88,115,212,68,119,81,75,89,56,56,71,66,67,54,65,54,51,50,65,56,48,64
74,112,232,57,123,90,66,96,54,41,60,78,58,62,64,78,56,65,54,40,75,57
88,117,167,63,111,80,74,101,54,65,49,68,51,61,55,40,55,59,61,69,60,73
60,125,188,68,118,95,79,86,52,74,76,75,54,59,66,53,49,57,50,46,67,64
57,99,180,67,112,88,75,95,53,49,53,65,62,45,49,54,67,64,52,61,56,47
65,94,177,64,91,87,70,79,57,50,72,69,49,79,55,60,64,53,60,52,53,50
68,103,152,68,79,82,64,83,56,36,67,73,55,52,55,47,69,58,41,45,43,52
60,97,151,68,85,91,84,77,40,47,49,66,53,58,62,59,61,71,66,48,57,51
53,78,145,66,90,72,64,83,46,57,59,64,64,41,53,44,65,48,48,49,64,51
53,72,149,66,92,82,78,87,45,56,53,61,54,71,53,68,65,55,52,43,52,47
57,53,139,63,73,54,71,78,45,48,54,62,63,55,58,62,58,67,49,48,52,51
53,78,106,57,73,66,62,88,38,32,53,55,55,56,52,50,50,57,45,54,52,61
46,69,131,65,70,42,62,67,54,38,49,55,59,54,45,52,64,58,39,50,53,54
46,50,103,59,62,67,64,71,35,24,53,58,47,62,53,45,67,54,49,56,50,41
51,46,119,60,66,63,50,74,39,43,57,65,62,43,35,51,60,42,40,38,45,51
46,42,100,65,52,44,59,69,42,44,37,48,51,58,47,45,56,57,42,50,49,43
44,57,104,53,69,50,49,59,50,37,57,49,63,62,58,47,61,66,43,46,60,46
50,39,103,60,55,57,59,68,34,44,43,58,68,61,57,38,78,51,49,42,44,46
35,51,108,56,45,46,59,63,32,38,59,48,65,63,42,54,60,58,52,36,55,37
32,48,85,64,34,57,62,47,46,26,35,53,60,53,43,48,54,51,43,42,43,48
45,29,81,59,40,35,54,58,41,22,56,56,60,65,59,33,54,51,41,45,41,41
38,51,68,59,36,32,45,54,36,40,44,47,45,55,37,35,61,41,51,53,62,48
40,46,88,47,45,45,51,52,34,37,44,50,38,61,40,55,63,54,52,41,54,45
37,37,72,52,39,33,47,58,28,32,51,45,46,74,41,41,43,54,52,52,45,48
46,33,64,57,46,53,40,60,51,37,55,51,53,62,39,42,61,64,63,49,54,40
31,30,75,51,41,28,38,52,33,46,51,59,46,50,52,48,48,57,38,36,40,57
36,25,77,49,49,48,40,52,33,26,42,46,54,47,52,47,69,53,43,55,52,39
26,31,67,42,39,38,47,54,29,30,58,56,59,55,44,36,55,50,39,60,49,36
34,41,61,47,38,29,55,45,36,23,50,54,51,53,45,43,42,62,47,37,38,34
37,39,49,41,31,45,47,51,43,35,51,39,50,52,37,54,37,47,35,38,38,39
31,37,78,57,43,40,42,42,32,28,41,40,54,41,42,45,62,42,52,44,44,48
37,32,49,47,45,31,43,37,31,36,50,40,31,41,49,46,47,48,47,40,47,45
42,31,57,48,42,42,47,62,32,32,38,45,46,49,47,46,48,57,44,44,48,56
21,36,49,43,29,45,48,36,40,34,44,58,52,50,41,40,48,42,40,47,38,48
40,25,62,47,28,28,46,49,35,36,54,36,54,47,38,47,48,51,35,49,48,49
38,36,57,50,39,29,36,47,34,29,46,46,52,39,44,42,47,57,35,53,51,43
28,28,59,57,32,26,58,43,27,25,48,51,39,45,47,46,48,41,49,37,47,46
37,27,59,39,34,27,45,41,29,25,32,42,45,47,31,40,43,45,37,49,43,31
39,28,51,46,26,37,49,42,31,35,35,49,45,39,35,47,50,38,40,36,48,43
32,32,52,50,35,33,42,33,37,27,44,46,43,53,43,42,38,52,37,40,41,37
25,35,47,47,35,30,60,49,36,27,38,38,46,52,33,46,40,45,39,37,44,50
30,28,41,40,26,35,53,49,31,36,48,43,42,55,36,45,31,34,44,30,45,34
47,21,46,38,34,31,57,49,22,18,53,50,43,34,32,32,42,51,41,42,36,44
30,33,44,47,27,38,53,62,21,28,43,46,34,45,43,37,45,49,57,36,30,43
32,27,53,43,31,25,45,52,28,34,39,38,42,44,48,32,38,46,40,40,38,35
22,28,42,39,33,33,35,46,34,33,56,38,42,33,39,37,53,50,46,33,32,43
28,23,43,38,22,36,36,46,29,39,36,33,29,40,53,34,47,42,40,49,46,38
35,38,41,40,20,24,37,39,31,41,37,43,39,45,45,35,52,44,40,27,33,46
32,33,38,29,23,29,40,46,27,31,37,41,44,35,51,39,40,33,53,41,43,33
30,32,46,48,30,27,41,38,39,25,35,53,40,38,47,37,41,40,43,36,47,39
35,26,42,43,33,24,31,33,29,32,42,38,50,39,42,49,38,37,38,39,43,29
30,28,51,32,33,31,34,35,36,29,45,37,31,36,52,46,40,41,34,67,37,42
28,22,43,34,32,27,49,46,37,29,47,45,49,38,27,33,48,42,42,42,46,43
33,32,36,42,31,23,39,37,28,25,44,36,37,39,36,42,52,40,44,34,40,29
22,20,22,42,27,19,47,48,28,24,36,37,48,47,42,42,39,43,34,40,32,41
36,23,37,36,28,36,45,26,39,35,32,37,47,40,33,35,46,32,29,31,42,48
32,28,50,32,20,27,37,34,29,23,43,38,41,45,48,29,42,35,42,42,33,41
19,31,30,50,35,36,43,47,20,27,33,40,46,38,41,40,37,38,35,34,38,27
40,26,36,47,32,23,38,47,33,33,47,39,43,39,37,48,48,30,48,38,45,35
22,23,37,37,23,32,41,36,19,32,32,37,39,39,34,43,25,45,38,44,43,43
27,29,35,36,19,20,33,46,20,33,43,35,34,42,36,34,31,43,27,41,38,24
16,31,28,31,31,27,43,42,24,38,39,42,43,45,42,23,45,35,40,35,41,31
36,23,44,49,36,31,38,36,29,32,40,35,37,44,28,32,35,41,40,31,43,28
35,25,39,33,29,32,41,38,38,35,38,35,40,42,40,43,50,49,39,55,30,30
26,27,35,42,21,24,37,40,27,30,27,42,41,46,33,35,31,25,42,31,38,38
27,21,36,35,31,34,43,38,27,24,33,42,53,45,39,43,30,36,36,45,32,36
28,22,32,29,31,32,29,37,20,33,46,39,37,28,41,30,36,48,33,39,45,44
22,27,45,44,30,26,39,47,23,29,38,34,55,41,34,37,36,31,40,34,27,41
30,27,57,44,28,22,34,43,37,27,41,35,44,44,32,31,42,28,46,42,33,34
29,25,35,35,25,17,32,46,27,34,35,31,44,39,42,31,33,47,27,43,38,35
15,27,42,33,32,30,40,42,24,31,33,46,36,37,33,31,36,38,33,23,39,33
25,27,33,45,23,27,32,22,32,26,35,34,28,38,42,34,29,40,27,35,45,32
23,18,34,31,25,21,37,30,37,28,37,37,46,48,42,39,29,36,35,36,36,41
21,25,39,39,24,32,37,33,23,25,32,48,32,33,34,30,33,41,35,45,31,50
30,24,43,37,30,39,36,51,32,15,28,39,29,32,33,34,46,25,44,34,41,30
30,30,39,38,26,19,32,35,25,25,41,36,38,30,38,36,42,34,32,39,34,31
21,33,35,35,34,31,31,42,20,22,44,34,34,40,29,34,59,31,44,35,41,42
23,25,30,30,20,23,43,38,28,39,42,44,31,31,36,42,34,37,34,42,37,37
27,31,31,34,23,24,26,39,30,23,47,38,50,40,38,35,37,30,34,42,41,32
28,30,31,39,22,19,36,32,22,36,40,35,37,33,37,37,42,31,47,30,37,30
26,23,28,49,23,25,20,21,28,29,34,36,38,38,30,27,48,31,35,31,41,31
29,31,35,35,42,34,40,35,26,38,48,32,32,45,31,30,29,31,42,26,26,43
19,28,29,26,19,28,26,33,34,21,37,38,32,30,37,33,35,33,41,35,43,33
29,35,35,33,26,32,47,33,22,28,38,38,40,42,30,33,29,34,30,41,30,29
26,32,29,33,24,15,34,35,29,28,37,37,39,28,31,37,35,45,47,37,28,35
17,27,44,33,25,24,42,30,26,29,45,26,30,34,29,32,38,29,42,35,36,37
25,26,42,36,21,25,26,35,31,34,29,28,33,42,29,41,40,39,25,36,37,33
21,22,33,25,29,27,33,35,19,19,38,29,31,37,44,33,36,35,45,44,47,37
25,23,39,45,39,26,29,36,24,22,47,29,40,25,38,43,26,37,26,31,33,30
22,28,37,27,27,21,24,31,28,33,41,38,34,35,37,37,32,28,35,37,35,27
25,29,26,29,18,24,31,19,26,27,26,27,34,44,32,39,36,43,26,34,30,34
29,35,32,30,21,35,43,30,32,25,35,38,36,36,30,34,50,39,35,26,29,25
30,27,43,33,40,29,31,33,25,26,38,42,32,39,38,38,26,37,32,34,34,39
30,45,35,26,21,30,32,30,27,23,33,46,50,36,30,32,30,37,38,30,34,42
20,37,36,31,25,29,47,35,33,25,40,36,45,32,37,32,34,35,40,37,46,29
23,20,37,35,28,39,33,41,16,20,32,28,23,40,38,33,45,43,31,44,41,32
28,34,37,41,27,18,27,30,25,29,28,48,34,29,32,44,31,29,26,38,38,40
22,23,36,35,23,30,50,44,17,27,53,39,41,27,37,27,38,31,29,37,36,37
23,23,25,27,25,22,33,33,26,29,37,36,44,37,31,40,32,37,37,34,41,29
28,15,39,38,22,22,31,41,23,27,35,30,35,41,37,29,43,27,39,40,33,27
22,32,36,38,28,24,33,39,30,25,27,29,35,28,29,46,24,39,32,42,38,26
21,23,40,28,33,28,34,32,29,26,31,30,41,34,33,36,42,32,38,34,34,40
26,14,30,40,27,28,35,31,22,38,30,32,37,30,34,47,31,33,40,35,39,36
18,33,38,32,30,39,31,36,24,22,30,45,35,37,29,25,29,38,35,37,22,28
36,23,31,26,25,27,32,39,16,27,24,38,36,30,41,32,38,45,34,36,24,42
31,25,39,30,21,22,29,32,27,29,26,39,30,30,45,30,33,34,31,28,32,31
31,28,38,27,23,17,31,42,25,23,27,30,29,44,30,40,30,26,39,27,35,33
20,26,38,34,24,30,39,49,31,26,36,37,30,29,27,38,38,31,34,38,32,43
33,31,44,45,27,21,32,21,21,24,36,42,37,34,32,43,30,37,35,43,23,35
22,22,40,37,20,22,48,26,28,28,40,30,34,41,30,32,32,28,39,43,40,22
17,25,27,41,25,25,35,35,30,28,28,26,31,33,37,38,31,35,34,28,30,33
34,29,37,23,20,34,22,36,21,28,34,23,31,34,32,32,35,30,27,41,22,32
27,30,34,32,30,24,34,27,20,23,39,32,33,29,31,41,25,40,32,35,28,37
26,22,33,29,31,32,47,41,23,25,19,36,44,26,39,23,43,41,31,32,30,30
26,24,34,34,26,45,33,17,37,21,31,39,34,40,37,31,30,41,31,21,35,38
27,31,40,35,22,29,34,36,30,25,30,23,40,35,32,22,29,34,34,28,27,45
18,20,29,26,38,22,27,42,30,26,34,46,29,32,47,24,29,27,32,39,20,32
32,31,29,35,27,25,42,21,33,22,30,30,21,40,27,25,36,33,34,35,40,22
22,20,29,26,27,28,24,25,30,26,34,42,46,25,36,37,43,37,27,47,33,25
25,20,31,27,28,29,30,37,16,23,29,33,45,26,31,32,39,26,32,33,33,32
30,25,29,33,31,26,37,28,20,30,36,33,42,31,34,33,37,32,42,37,39,27
22,25,45,28,30,37,40,31,23,25,32,36,26,32,29,50,34,36,46,29,35,38
28,32,32,37,22,30,22,26,40,18,30,32,36,26,38,33,30,39,33,29,23,41
25,21,35,34,24,23,32,30,26,20,35,39,43,34,28,55,25,39,36,29,27,32
23,26,37,23,30,27,32,33,29,30,44,46,46,43,35,22,38,34,36,30,37,21
23,25,24,24,29,29,36,33,33,19,35,29,20,31,30,47,31,30,40,35,42,31
27,25,27,32,26,21,27,34,41,31,36,35,24,35,36,28,28,32,34,35,30,30
24,26,36,29,19,27,21,29,35,34,45,39,28,28,33,44,31,32,22,44,31,34
31,29,41,31,28,31,46,32,25,29,34,38,40,25,27,22,38,35,29,32,35,32
20,38,38,31,22,19,31,36,22,28,42,28,28,41,25,43,33,33,28,48,36,41
25,24,33,38,24,42,33,25,24,33,39,34,30,35,33,35,21,32,40,46,35,34
19,22,26,35,27,19,28,22,29,18,29,42,29,33,35,31,37,30,35,32,36,30
22,30,26,39,22,17,32,27,33,23,40,41,33,29,33,35,34,35,48,34,38,34
33,22,38,38,26,29,30,31,26,24,28,35,39,29,26,33,29,25,24,32,37,30
37,21,27,30,22,23,36,35,31,18,37,39,32,32,27,32,28,35,43,31,25,25
22,23,31,25,22,24,25,25,24,22,41,32,26,35,42,44,37,27,28,29,38,27
22,25,33,39,23,23,36,23,25,33,31,45,21,24,36,38,39,37,27,31,28,35
19,25,41,40,25,27,41,34,27,30,42,41,31,29,39,27,37,27,28,34,48,39
18,28,30,29,22,28,34,39,27,28,42,28,20,31,31,33,37,30,24,37,21,27
26,26,33,31,25,25,40,37,19,28,38,28,31,33,40,34,31,31,29,30,33,32
14,12,26,34,26,28,30,32,17,27,44,34,33,24,35,29,37,29,28,24,39,19
13,19,23,29,20,23,36,37,24,22,26,44,20,25,24,37,34,40,38,29,31,27
17,24,43,34,25,21,30,31,19,20,43,33,28,41,41,33,36,25,33,37,40,39
26,21,46,30,26,23,29,27,28,23,37,25,34,38,34,32,31,30,35,42,34,44
17,24,35,34,27,26,42,27,23,23,41,33,29,33,28,44,41,38,31,24,36,25
22,24,30,31,26,14,31,35,28,24,31,33,31,24,35,30,35,29,38,26,36,29
17,21,42,30,22,22,35,31,32,26,34,23,26,25,33,37,30,24,25,39,35,34
24,15,36,29,26,26,24,29,22,26,33,37,26,26,21,30,31,29,24,38,32,27
22,32,39,35,29,23,44,27,30,30,27,32,24,29,26,38,30,32,25,37,23,21
25,23,24,29,19,38,21,34,19,20,39,31,40,14,45,29,31,28,37,36,29,39
29,21,26,27,16,19,23,30,24,21,34,34,38,39,39,24,37,35,28,22,35,36
17,21,37,27,22,32,26,34,31,23,30,23,25,27,29,33,28,33,29,34,31,38
26,16,32,38,27,20,36,34,26,12,29,28,44,30,23,23,33,34,30,34,28,33
18,20,40,18,17,15,32,35,29,22,31,29,32,24,33,31,41,28,36,38,27,28
17,22,24,42,18,27,38,30,26,19,31,33,30,39,33,32,31,32,31,37,31,32
19,21,36,35,24,23,29,39,26,22,34,32,32,31,31,30,34,34,30,32,24,27
20,25,27,32,17,20,45,30,20,23,26,27,32,28,23,34,35,32,30,27,24,28
21,20,33,31,33,23,48,30,22,20,27,26,32,26,22,24,35,23,27,52,26,33
26,19,38,30,24,14,20,29,19,25,21,28,25,38,39,30,32,43,19,29,28,28
24,24,46,35,28,13,32,33,17,19,30,34,35,29,37,24,35,34,23,28,31,24
24,21,29,36,21,24,27,40,14,21,29,37,29,36,26,27,46,38,26,28,34,26
19,19,24,33,20,20,28,25,23,19,26,35,41,34,26,32,37,29,23,25,31,36
27,18,28,35,23,19,23,31,21,24,32,38,30,25,21,31,26,28,42,30,29,29
19,19,35,25,12,20,36,35,24,17,27,31,26,24,23,36,29,31,24,21,28,29
23,22,29,35,25,20,33,30,16,30,23,24,30,29,27,23,26,32,23,22,26,34
20,14,25,18,15,19,32,26,21,19,23,23,25,29,35,33,23,27,18,21,28,26
23,10,31,34,17,13,24,27,29,24,40,25,43,28,26,22,32,37,29,26,26,21
21,23,29,36,21,22,48,26,28,19,29,36,28,32,29,22,29,34,24,24,21,28
13,24,30,27,12,22,29,24,18,19,29,20,33,27,19,24,31,29,29,37,32,32
20,18,29,37,15,20,32,26,18,31,33,34,28,29,34,13,35,41,29,33,29,23
18,18,33,30,21,24,30,30,8,26,28,28,38,28,26,29,43,40,23,30,32,32
17,20,27,27,16,21,28,32,17,17,39,33,31,32,30,24,19,33,31,35,29,30
8,15,28,27,24,18,28,28,22,23,25,25,35,31,19,24,23,24,22,26,18,34
11,22,28,31,20,20,28,29,27,12,22,23,46,26,34,16,28,25,26,27,32,22
12,20,30,33,19,34,29,21,19,21,22,28,47,41,30,21,35,25,22,27,21,24
16,15,28,39,21,16,35,30,18,13,30,37,34,33,30,27,38,22,19,17,21,32
16,12,30,30,15,17,27,27,15,28,18,26,34,25,16,19,32,43,22,25,23,24
14,19,25,31,15,19,35,34,17,11,25,24,32,29,25,19,26,38,18,23,32,28
22,24,32,20,15,22,31,24,12,16,23,31,23,29,25,22,27,31,24,16,20,16
14,16,25,35,23,16,27,23,11,20,25,21,37,32,26,24,38,27,30,22,23,24
15,16,23,27,25,11,22,35,12,12,26,18,32,30,16,19,31,24,26,22,24,17
17,17,24,38,19,17,34,27,21,15,23,19,26,28,38,28,34,21,22,24,22,27
20,20,22,17,15,20,26,24,25,19,14,22,36,38,28,25,28,32,19,29,25,20
14,21,33,30,20,16,28,16,17,20,16,24,22,31,12,20,29,23,27,19,17,17
17,10,23,26,13,17,27,30,18,15,22,25,28,32,25,24,35,26,23,28,36,21
20,20,28,24,17,13,24,22,16,18,18,18,27,35,24,15,25,35,24,27,27,27
16,17,23,35,19,11,33,29,17,16,18,17,34,31,19,26,29,31,28,18,20,30
18,7,26,41,11,17,25,21,14,11,22,19,28,24,18,20,33,33,22,25,22,15
11,10,27,27,20,14,30,34,17,16,21,22,24,24,18,22,26,40,24,14,33,16
18,12,27,20,16,17,19,22,15,14,27,31,26,21,15,25,35,22,24,30,21,19
16,18,26,22,14,22,32,27,16,21,18,23,35,22,19,16,28,30,14,18,6,23
20,15,27,25,15,19,26,31,18,19,19,18,26,29,22,23,17,24,14,18,20,23
15,14,27,23,23,19,26,21,13,22,20,16,26,23,23,20,29,26,15,24,27,27
10,14,29,27,13,18,20,15,17,21,21,23,22,23,24,17,28,28,18,15,24,24
11,14,23,23,18,18,28,23,12,14,21,24,30,35,21,17,40,31,24,28,29,18
17,20,19,25,15,19,27,23,15,9,26,22,19,32,22,18,31,22,28,22,23,26
15,15,26,25,14,12,19,31,9,26,19,28,18,32,24,23,25,30,20,12,21,22
11,13,29,23,19,14,18,21,15,20,18,24,23,37,19,17,26,31,23,23,25,13
8,19,19,13,13,20,27,24,16,11,17,14,24,24,23,15,20,36,16,18,23,26
11,9,20,20,14,11,26,35,9,10,21,29,25,32,18,25,20,25,27,18,15,20
6,16,27,26,17,13,18,21,10,11,20,24,31,25,13,19,35,33,23,16,22,19
9,12,17,22,14,14,16,18,18,18,23,18,17,24,20,13,30,24,13,19,14,18
11,15,28,30,16,18,21,19,14,16,21,23,25,26,15,21,20,25,26,20,22,21
17,20,25,22,13,13,22,19,13,14,16,22,24,21,20,24,21,31,18,24,16,25
12,11,35,22,9,12,18,25,12,12,14,10,19,25,18,19,34,24,21,17,19,22
14,15,27,28,13,13,24,20,11,15,22,14,16,33,13,16,32,26,22,19,25,18
16,15,22,26,11,13,29,23,16,15,16,18,31,20,18,18,18,25,12,29,21,21
19,7,22,18,14,15,29,18,21,12,21,17,34,25,15,16,29,24,25,19,27,23
11,13,23,18,20,13,22,16,11,12,25,20,24,32,13,26,15,22,18,20,22,15
23,11,15,21,12,15,26,18,19,23,14,15,25,28,17,11,29,17,20,17,15,21
16,13,23,24,13,20,18,25,9,13,15,23,20,23,23,30,29,29,19,23,19,16
11,21,24,19,12,15,16,23,12,10,17,20,26,20,13,24,29,16,22,21,21,19
13,18,17,29,16,13,22,14,17,20,18,15,25,15,19,19,23,25,10,18,18,21
14,14,31,22,14,21,18,26,14,13,13,19,28,23,18,19,23,11,20,21,18,17
14,10,33,24,18,15,19,19,19,12,22,19,19,19,9,26,20,25,18,19,19,22
16,20,24,16,11,10,14,20,17,10,22,17,33,18,22,17,32,19,14,18,15,24
9,8,18,19,12,15,18,33,15,19,20,26,14,26,22,21,20,21,22,23,15,18
15,10,17,21,19,8,25,12,13,12,23,16,29,30,26,30,24,39,20,21,16,14
17,18,20,22,16,21,23,18,12,16,12,18,16,14,21,20,19,31,16,20,19,19
18,19,26,26,9,11,22,15,19,20,19,16,25,26,19,25,24,20,21,20,14,24
18,16,18,10,16,18,21,19,15,21,16,20,22,20,22,23,16,21,20,27,32,18
26,20,18,25,11,14,15,21,20,14,23,15,20,25,23,20,26,19,25,20,20,20
21,17,26,20,19,20,18,26,17,22,23,32,21,15,26,20,14,23,25,21,13,16
15,22,13,24,17,14,27,18,13,14,9,10,26,21,20,27,16,17,17,19,18,23
14,19,17,14,16,16,15,19,18,14,22,26,24,25,25,21,22,27,28,21,13,18
23,23,17,23,15,21,13,17,18,14,12,15,20,17,22,23,19,22,25,19,18,28
20,25,19,15,16,13,22,17,16,12,19,19,22,19,31,29,15,18,18,21,12,22
10,28,14,17,23,21,23,17,21,19,22,22,22,24,23,22,21,13,22,16,23,18
24,19,25,20,13,17,16,18,17,20,22,20,30,18,20,19,18,23,20,26,30,15
20,29,18,26,16,15,16,23,19,22,20,29,24,16,29,22,17,20,16,24,24,14
15,15,24,14,20,16,16,14,27,25,21,31,31,22,27,22,22,13,21,18,26,23
22,18,18,13,15,17,19,22,19,27,14,20,23,24,26,22,17,19,17,33,24,22
25,21,19,27,20,21,15,26,31,15,23,22,24,23,17,38,16,22,35,23,18,22
22,17,17,23,18,21,20,11,14,18,27,29,13,13,34,18,21,20,30,31,23,27
19,21,17,22,12,17,15,17,25,17,25,24,19,30,31,33,18,13,19,30,23,31
23,21,7,11,11,21,14,21,27,28,39,33,26,26,29,43,11,23,25,31,32,30
15,17,16,18,21,18,21,20,23,16,29,20,16,20,26,25,18,12,29,25,22,22
24,20,13,15,22,19,19,15,13,18,28,20,21,23,31,33,13,17,33,17,25,20
21,17,13,14,27,15,16,18,20,25,21,30,27,27,29,28,16,11,30,26,30,37
15,22,18,22,21,20,13,22,25,20,28,24,16,16,33,27,17,18,28,29,23,23
19,20,24,11,18,21,25,19,18,24,21,28,17,19,34,23,20,18,34,31,29,38
22,18,16,19,24,28,18,17,16,26,37,22,13,12,34,25,23,22,31,25,23,30
14,18,14,21,19,23,15,18,17,21,21,35,25,27,22,32,24,13,26,35,25,23
28,21,17,19,19,20,15,31,20,30,17,32,25,21,36,29,26,22,28,25,31,30
25,24,21,18,17,26,15,15,12,18,21,24,18,19,22,29,12,16,20,31,36,30
20,18,18,23,18,17,27,19,17,29,32,38,18,19,19,34,13,11,23,30,28,34
15,18,19,22,22,20,21,22,17,16,31,35,16,20,27,23,24,12,22,36,36,23
17,16,18,26,25,14,23,21,18,23,29,31,9,13,27,26,18,13,31,29,28,23
20,18,17,27,22,18,28,14,28,25,40,34,16,17,20,21,16,24,43,34,25,30
14,21,10,18,25,28,19,21,20,24,33,27,19,22,24,25,23,17,22,27,37,22
22,18,26,15,23,23,14,32,21,24,26,25,26,13,31,26,10,14,31,25,24,30
24,10,20,20,26,22,22,18,17,18,22,31,15,24,31,16,15,18,30,27,26,31
17,18,21,13,20,28,19,25,17,17,31,28,14,27,23,34,19,10,27,28,29,29
14,20,24,22,19,15,30,23,18,16,31,25,18,18,27,16,26,16,22,28,21,22
17,13,21,25,23,23,27,26,20,21,24,29,22,21,19,27,24,16,25,23,23,16
19,24,28,20,14,17,19,21,16,18,25,23,18,11,23,34,17,16,30,25,23,35
17,14,24,17,18,15,19,24,22,10,24,29,31,15,17,17,15,18,19,24,23,25
12,12,26,22,24,25,42,21,19,21,18,22,24,23,25,26,9,17,31,23,28,17
14,12,27,27,22,24,21,23,17,19,23,16,14,19,23,27,16,18,23,25,23,19
17,13,24,26,16,18,32,32,18,19,22,20,14,18,21,24,7,14,23,25,31,25
11,14,31,30,17,18,26,28,19,21,31,30,11,20,19,20,18,25,26,23,21,33
8,17,26,24,18,18,24,38,20,21,22,25,12,25,23,23,29,22,19,25,18,20
8,14,34,35,17,29,25,28,13,18,30,22,27,16,26,27,27,22,24,21,19,14
15,18,25,32,23,20,25,25,22,22,28,25,24,25,20,20,25,14,26,25,21,17
10,9,19,26,16,16,27,24,18,15,23,35,19,17,19,18,20,20,24,24,13,29
17,14,25,29,27,15,28,30,22,19,24,23,29,26,21,26,20,19,27,28,25,27
10,12,27,26,19,14,39,25,18,15,20,28,24,13,26,27,24,22,17,24,24,21
14,14,33,25,13,21,33,30,16,13,21,23,27,23,15,29,26,15,23,30,29,31
15,13,33,26,18,21,19,28,15,17,30,34,34,18,24,18,19,19,19,20,22,22
7,14,32,23,9,22,24,25,13,14,27,29,23,18,20,16,32,24,26,26,24,16
12,15,22,15,15,23,25,27,13,13,22,22,22,18,24,13,24,33,12,21,25,24
4,14,36,25,18,17,23,29,9,17,18,25,20,18,18,8,24,26,21,29,24,21
13,8,35,24,16,19,32,23,15,16,24,16,31,18,30,15,23,22,21,22,30,32
10,17,35,37,11,16,34,25,22,14,17,22,18,27,25,20,17,27,21,17,23,20
14,11,38,29,23,14,22,31,15,18,22,16,35,31,17,15,27,21,22,17,15,14
14,10,22,29,17,17,31,19,13,14,24,17,28,19,14,15,31,21,24,33,24,21
8,15,18,27,12,20,26,24,18,14,19,15,27,31,19,15,22,26,19,24,18,17
9,3,29,24,15,18,31,30,11,8,27,28,38,25,20,17,28,23,22,25,17,17
8,10,25,25,18,25,26,22,12,12,11,13,38,30,22,13,16,23,17,20,20,17
18,9,26,25,14,15,27,30,13,11,21,15,20,31,6,14,33,17,20,14,12,20
6,12,24,29,11,7,17,25,15,8,25,18,31,31,21,16,33,28,18,18,21,17
7,15,25,16,8,10,27,15,9,15,16,11,21,33,23,13,29,32,6,19,14,23
10,12,23,22,10,13,12,24,14,16,12,13,22,36,21,8,29,35,12,21,14,15
7,11,24,27,11,13,24,23,14,16,13,23,31,18,14,14,21,23,10,12,18,24
6,9,18,19,12,6,24,22,8,17,11,18,26,38,13,14,33,27,15,12,16,9
11,9,26,24,12,22,29,14,10,8,15,23,30,38,13,17,25,30,16,19,13,17
16,5,19,21,11,14,27,25,14,10,17,20,27,28,16,10,34,26,13,21,20,19
13,5,22,24,13,12,23,25,8,13,14,19,27,25,11,19,30,20,10,18,16,16
7,9,24,27,15,5,21,14,4,5,13,13,27,26,15,20,21,24,22,15,18,15
20,7,16,24,12,10,14,33,10,10,11,14,23,24,10,15,34,23,17,21,16,20
10,14,28,25,19,10,11,23,13,15,18,13,20,25,11,11,22,22,7,11,13,11
8,11,20,24,10,8,20,19,16,12,13,15,25,28,16,11,25,28,18,13,15,23
10,6,22,25,12,9,19,17,8,10,13,19,23,28,11,18,26,22,10,13,20,16
6,9,21,19,5,9,19,16,6,14,12,18,23,15,13,13,30,26,23,13,6,17
5,9,22,28,8,11,14,20,13,9,18,15,25,26,17,14,31,26,11,13,9,9
9,6,18,14,10,7,15,17,10,6,12,15,20,25,22,18,20,19,10,12,10,18
4,11,19,30,6,7,22,19,9,9,13,10,22,28,7,16,24,19,14,12,8,15
5,5,22,22,10,11,20,19,7,5,10,16,18,30,12,19,20,34,16,13,18,19
7,9,10,18,12,19,25,19,9,11,13,13,37,30,15,14,19,24,15,16,15,13
2,7,19,13,10,19,18,13,9,10,14,11,24,23,16,14,23,25,14,14,18,12
13,9,17,17,11,6,21,17,6,8,19,19,18,26,12,16,19,23,11,18,5,12
4,6,18,15,11,5,16,15,9,10,12,10,18,15,10,17,15,21,15,13,10,12
3,6,14,26,7,9,20,21,9,8,16,9,22,33,11,17,19,21,14,9,5,14
4,5,20,12,8,13,16,12,11,6,10,10,25,33,9,11,19,18,10,13,19,9
13,5,21,15,13,11,21,14,7,8,15,11,22,23,13,9,19,14,8,18,8,12
5,6,21,20,11,10,15,22,12,12,14,6,20,17,14,9,22,14,13,8,15,7
5,5,15,13,11,8,15,22,13,7,16,14,23,29,9,10,22,28,11,7,14,14
5,10,17,13,15,7,17,14,12,8,9,12,11,20,13,6,27,23,15,11,13,16
5,5,15,14,8,7,14,16,8,8,13,10,19,21,9,10,28,19,9,8,11,12
8,13,12,18,10,9,14,20,6,8,3,9,17,19,15,9,16,27,9,13,9,10
5,5,19,14,13,15,11,13,7,3,7,8,19,26,10,7,23,16,13,10,15,11
5,10,19,20,8,12,10,16,3,3,18,14,19,28,11,9,16,21,12,13,17,18
4,8,12,9,7,10,14,12,4,7,7,10,14,23,9,13,28,14,6,16,14,13
7,4,14,18,7,6,13,15,4,5,9,8,16,20,9,8,27,13,10,11,15,11
9,9,14,15,5,8,11,9,8,7,18,9,24,20,9,9,25,19,8,11,16,15
5,4,22,21,13,3,16,9,9,7,12,12,22,23,8,6,18,15,9,10,15,10
9,4,10,10,6,10,12,11,5,8,11,8,18,15,11,9,17,21,9,13,9,6
5,10,9,16,9,11,24,9,5,9,10,4,13,25,13,8,20,14,9,7,8,10
6,4,14,10,9,6,6,16,10,4,13,9,14,26,8,13,24,25,13,9,12,8
6,1,12,6,12,8,17,17,3,6,8,7,16,24,10,5,18,21,8,10,10,9
9,2,15,11,7,3,7,15,7,9,10,8,15,19,6,9,15,21,8,6,8,7
5,5,15,13,7,6,15,7,7,4,9,8,17,23,7,11,19,15,13,6,6,10
5,8,4,12,5,8,9,10,8,6,12,7,17,19,9,13,10,21,5,7,9,2
8,2,9,8,8,9,17,14,4,6,7,8,18,21,7,11,17,17,12,9,11,10
9,1,17,11,9,7,10,12,5,7,10,10,13,19,5,5,15,18,9,9,14,8
7,4,16,4,5,10,15,12,4,5,9,14,15,13,10,4,13,10,9,6,9,11
7,5,8,10,4,3,13,9,7,6,7,10,9,17,4,10,10,15,12,7,5,7
9,4,14,11,7,9,5,16,9,5,9,12,10,9,12,6,13,9,10,10,8,7
4,10,7,15,4,7,13,8,8,5,8,10,15,14,5,13,21,11,8,12,4,8
9,7,8,9,5,7,12,14,7,7,9,5,12,15,6,4,15,16,5,11,10,7
7,4,15,18,4,10,7,7,5,4,10,12,13,12,4,4,21,12,8,8,6,11
4,2,15,14,6,5,10,13,7,8,5,7,14,8,6,13,14,9,8,5,9,5
5,7,11,11,5,2,9,9,5,10,8,7,12,12,7,6,20,12,6,11,7,13
5,4,10,11,2,5,14,8,4,10,4,8,16,15,6,9,14,17,8,8,10,4
5,2,18,11,8,9,4,14,6,5,7,8,12,17,9,12,10,23,6,4,13,8
8,8,10,12,4,9,8,11,6,8,6,5,18,10,11,6,7,15,4,8,11,10
8,3,9,13,3,4,7,13,5,3,8,2,15,13,8,9,12,12,15,4,6,4
13,5,5,10,2,3,9,11,9,6,13,6,18,15,4,10,12,11,8,5,5,9
3,7,13,14,7,8,9,12,4,10,4,8,13,21,4,6,10,12,4,9,7,7
4,8,8,7,7,10,11,14,7,6,5,8,10,13,5,6,15,17,9,8,7,5
5,6,10,7,7,5,6,11,6,9,10,8,5,11,4,7,12,22,8,7,6,7
5,9,5,6,7,7,11,10,2,7,7,7,14,10,13,11,12,10,8,10,11,13
6,5,10,10,7,6,4,9,6,4,8,5,10,8,7,7,12,13,4,8,5,5
5,6,5,6,5,5,13,11,2,5,13,8,7,14,7,6,14,11,7,11,5,6
2,1,7,12,4,8,9,7,5,2,7,6,12,12,4,15,6,15,9,13,7,12
2,4,5,6,5,7,5,13,4,3,12,7,13,10,3,5,11,11,9,3,5,8
9,6,10,8,5,3,11,9,4,7,5,10,10,6,7,3,17,10,9,7,9,12
1,7,7,9,6,4,6,8,3,2,7,11,18,17,9,8,13,10,7,10,10,5
1,3,7,9,5,5,12,8,5,7,11,7,12,12,3,5,11,8,10,10,5,6
4,1,9,10,4,5,7,7,4,7,6,5,6,12,12,8,8,11,11,7,5,7
2,4,7,11,7,4,6,7,4,4,5,4,12,7,5,9,13,11,6,4,9,6
8,4,10,6,4,5,11,5,5,3,7,6,12,10,6,9,8,7,12,2,7,4
4,3,11,11,10,5,2,7,2,9,9,8,6,8,6,8,14,9,5,4,3,8
6,4,4,6,5,5,9,8,2,4,3,9,7,13,13,6,14,12,8,6,12,6
5,2,11,6,7,5,4,4,4,3,6,7,8,11,6,7,5,9,8,5,7,9
5,4,10,10,2,6,10,8,6,3,10,5,7,10,6,5,10,9,5,8,11,8
8,5,11,11,5,2,9,5,6,5,4,7,11,9,8,7,5,7,14,1,10,6
4,6,4,9,2,5,7,7,4,2,11,9,5,10,11,2,9,10,7,10,4,6
2,4,6,11,5,2,6,6,4,8,5,5,7,9,4,4,13,11,9,9,3,10
4,5,6,9,6,4,11,8,3,6,4,8,8,11,5,5,9,8,6,5,6,12
6,2,7,10,4,5,8,13,5,2,8,10,6,11,5,5,6,4,5,10,10,6
4,4,7,6,5,2,5,6,4,4,4,10,5,9,5,6,10,8,8,5,5,10
4,2,6,5,4,6,11,9,4,4,5,5,11,11,9,7,7,6,7,8,8,5
6,6,5,5,4,2,5,7,3,3,8,13,6,13,6,6,6,9,4,6,10,6
3,2,9,7,2,5,13,6,5,6,6,4,5,7,5,4,6,10,5,4,2,7
3,3,4,5,4,6,11,10,4,4,5,4,8,8,7,8,8,12,7,5,7,10
3,7,9,7,3,3,12,12,4,5,6,4,10,12,5,12,7,10,5,2,8,6
0,5,7,6,5,3,8,8,2,1,6,3,6,9,8,6,11,7,3,9,10,6
3,3,10,7,6,5,9,9,4,4,9,4,8,6,4,5,10,5,6,7,8,6
3,1,5,7,2,4,9,7,7,4,11,8,11,7,7,5,9,10,7,6,8,3
5,2,6,3,4,3,6,6,5,4,8,7,10,7,4,4,7,6,10,13,7,6
4,4,2,7,5,3,5,6,3,4,6,4,9,4,1,10,10,12,6,6,5,5
11,1,5,6,3,6,6,9,7,6,11,3,12,9,3,4,6,2,2,2,7,8
1,6,9,5,1,7,9,8,5,5,7,5,5,8,4,4,9,7,2,3,5,5
0,1,20,6,4,4,5,6,2,2,5,4,9,8,6,4,14,12,8,10,6,9
7,2,4,3,3,3,5,5,7,2,8,3,10,7,12,5,5,8,5,4,6,4
5,1,4,10,3,2,6,5,3,4,7,6,11,4,3,6,13,11,5,8,3,7
5,8,7,5,3,3,12,9,2,6,10,8,14,9,7,6,7,8,3,9,11,5
6,3,1,10,4,5,2,9,9,5,5,6,6,4,1,4,8,8,10,5,6,2
4,5,8,7,4,4,11,9,3,4,3,2,3,7,3,1,10,7,8,10,3,7
3,4,14,9,3,6,9,6,1,2,6,6,6,4,4,5,8,11,4,5,5,7
3,2,6,5,4,2,7,7,3,3,2,10,13,10,6,2,8,5,13,5,10,5
3,4,5,10,5,4,7,5,2,4,7,9,7,8,4,8,10,10,5,9,3,4
4,3,6,9,7,5,9,9,5,5,0,10,7,7,9,7,7,8,2,5,7,1
5,3,7,9,4,6,4,8,2,4,5,4,11,8,7,4,12,9,3,7,4,2
4,2,6,5,4,6,5,6,2,6,7,3,7,10,4,8,9,2,6,5,10,5
1,6,5,7,2,2,6,6,7,2,6,4,8,6,5,3,8,3,10,5,3,5
1,4,10,4,2,1,5,8,8,3,3,2,4,5,4,11,10,8,2,1,6,2
5,1,3,7,5,4,6,7,1,3,8,8,7,5,4,6,9,10,2,6,7,3
4,3,7,12,1,5,8,6,10,1,4,2,10,4,5,5,4,8,3,7,3,6
8,1,7,4,0,1,7,7,6,8,7,12,6,7,7,6,8,10,9,2,5,6
2,5,12,4,4,5,5,9,6,1,4,3,9,10,5,10,7,8,3,4,6,11
4,5,12,7,4,6,4,7,6,8,7,2,9,8,4,3,7,8,4,1,1,3
1,2,6,6,3,3,3,5,2,3,5,8,3,9,6,6,4,10,4,7,5,7
6,5,5,7,2,6,10,2,4,3,7,5,8,9,10,5,14,11,2,9,5,5
0,4,4,8,6,4,9,9,2,2,4,2,6,7,7,10,7,7,5,5,4,5
4,2,7,2,9,3,5,4,6,3,4,5,5,8,6,6,7,3,4,7,7,9
0,4,2,11,3,6,3,6,5,5,6,7,4,7,1,7,6,4,3,5,5,6
2,2,4,6,4,4,5,9,4,4,9,6,4,8,5,6,8,4,4,4,3,1
5,4,6,7,4,5,6,5,4,6,7,9,9,4,3,2,6,7,3,9,5,4
4,7,5,7,5,5,9,7,3,4,5,6,12,5,6,3,3,11,4,7,3,5
4,3,6,7,6,4,4,6,4,3,3,5,4,6,4,6,8,8,5,5,9,2
6,3,6,9,2,9,7,1,6,7,4,7,5,5,7,6,11,8,9,3,5,6
1,4,8,3,2,4,2,7,4,3,3,5,6,2,6,6,3,2,1,9,11,9
3,4,7,4,5,7,2,2,4,6,4,6,2,9,5,4,7,3,5,7,5,6
3,6,4,3,3,3,8,2,1,1,4,3,4,4,6,6,9,10,8,0,6,2
2,0,5,4,6,0,7,5,1,3,0,6,9,2,5,6,8,6,3,9,6,4
4,5,3,7,6,5,5,3,2,4,5,8,9,12,6,6,6,5,4,9,8,3
4,5,7,3,4,5,4,9,6,5,3,5,4,7,9,7,4,7,3,4,4,5
5,4,1,5,5,4,7,5,4,4,5,8,4,3,7,7,3,3,5,5,1,4
0,5,5,6,3,4,8,8,2,3,5,5,7,6,4,6,6,6,7,9,10,5
2,5,3,5,3,2,4,10,3,4,7,4,7,11,4,5,4,6,6,7,5,5
5,6,3,3,3,1,7,5,0,2,3,9,8,6,7,4,5,6,6,5,5,5
3,6,5,5,2,3,2,5,3,3,5,4,10,7,3,9,6,6,3,7,3,7
3,5,5,3,6,2,7,2,5,3,6,6,0,7,6,4,4,7,6,2,2,7
5,4,4,4,1,3,5,6,2,5,4,5,5,4,4,7,7,3,4,6,5,6
7,1,6,2,5,6,6,3,3,5,5,9,4,8,8,3,5,2,5,2,7,6
2,8,4,4,3,7,2,1,4,2,5,8,4,7,5,5,9,4,4,7,4,5
4,2,3,3,4,2,8,2,2,7,3,3,7,4,5,5,6,6,4,5,5,7
1,1,5,10,4,6,11,6,3,4,6,4,8,6,4,4,6,5,5,8,6,6
5,4,5,3,4,5,4,4,4,9,3,5,8,10,7,6,3,3,6,6,1,10
6,3,5,7,7,1,5,6,2,4,5,4,8,5,4,4,3,6,7,4,4,9
2,8,2,6,3,2,5,4,5,3,2,6,6,9,1,4,5,8,10,8,4,2
3,2,4,5,3,3,1,8,1,4,3,7,5,2,3,5,3,5,5,8,7,4
4,3,3,7,8,9,9,10,3,5,2,4,5,11,4,5,5,10,4,2,4,7
3,2,2,8,4,2,4,8,6,5,5,6,4,4,6,7,4,6,4,2,2,3
4,3,5,5,0,5,2,7,3,1,2,4,4,4,6,7,7,7,2,3,2,6
4,7,5,7,2,3,7,6,1,4,11,9,3,5,2,4,2,2,8,5,6,5
4,5,4,7,2,3,8,3,1,1,5,2,5,3,5,5,2,5,8,7,6,4
6,3,5,3,3,1,5,4,2,3,9,7,6,8,3,3,8,7,9,8,3,5
3,3,4,6,0,3,7,8,3,5,3,6,2,5,2,7,4,4,6,2,3,3
4,5,3,0,3,6,3,7,2,2,4,5,3,8,4,2,2,3,4,7,8,4
3,5,3,10,4,4,12,2,4,5,4,2,6,5,6,5,2,5,5,5,2,5
4,2,3,4,2,3,6,7,4,6,5,5,12,3,9,5,4,3,7,8,6,4
1,4,8,3,1,1,5,4,2,5,12,3,3,4,5,5,7,4,4,4,6,5
3,1,3,9,4,6,6,6,3,2,9,5,6,6,3,3,8,1,4,5,3,5
3,5,4,5,5,4,7,5,4,2,7,2,4,1,3,2,4,8,3,8,4,6
3,6,2,5,7,3,7,9,2,7,3,1,7,3,3,2,7,11,3,7,6,6
1,2,4,5,4,2,3,6,1,4,5,3,3,1,4,1,3,5,4,3,5,7
7,4,3,5,3,6,6,6,5,3,2,3,7,6,4,4,2,8,7,3,8,4
4,4,5,8,3,5,9,4,2,2,8,5,7,2,2,5,4,3,6,7,4,3
1,3,5,5,4,3,7,8,4,3,10,3,4,4,6,3,3,4,3,8,10,5
3,1,6,4,4,7,5,9,3,3,6,5,5,5,2,7,6,2,9,4,3,7
4,4,6,4,5,3,6,6,3,2,4,3,5,4,3,9,4,6,5,5,11,10
4,3,2,4,4,3,6,6,1,3,4,6,5,7,5,8,6,7,6,4,3,4
3,4,7,6,5,3,10,3,6,2,9,6,0,5,4,4,7,4,2,8,6,5
2,1,6,7,4,1,0,1,2,4,5,9,9,5,5,4,5,9,4,5,1,5
4,2,5,3,3,3,2,3,6,2,7,3,3,7,4,8,5,2,3,6,1,4
0,5,6,7,3,4,5,4,2,4,4,6,1,4,3,9,6,5,7,4,6,5
1,3,4,7,4,2,2,3,8,3,4,1,3,5,4,3,5,4,4,3,3,1
3,3,5,5,1,3,2,8,5,6,5,3,8,4,4,2,5,2,7,4,4,6
5,3,7,4,2,1,2,2,3,3,3,10,6,6,7,4,7,4,5,3,4,4
3,2,5,2,4,2,9,6,1,2,7,1,1,8,5,4,1,1,2,8,8,8
4,2,6,4,4,4,6,2,3,0,3,3,5,7,3,6,8,8,2,6,9,0
4,4,4,4,2,5,3,3,3,4,6,3,8,5,4,6,9,6,4,6,5,5
3,3,5,4,3,5,8,4,5,4,3,1,3,4,5,5,5,3,5,7,7,4
4,5,5,5,5,2,5,7,11,4,4,4,1,4,7,7,5,4,5,4,2,5
1,0,7,9,2,3,2,2,5,1,0,4,4,4,4,0,3,5,4,4,6,4
2,1,5,5,3,3,3,2,3,3,6,2,9,6,5,4,1,8,6,3,5,5
2,3,6,7,1,2,6,1,5,0,3,1,3,3,5,6,7,4,3,2,5,7
0,0,7,5,3,2,7,4,2,7,1,4,9,3,7,3,5,9,5,4,3,6
3,5,4,2,3,3,7,5,1,2,3,4,2,8,0,5,2,4,1,5,8,3
2,3,5,2,2,4,4,4,0,6,5,5,0,7,5,6,1,2,4,9,1,6
1,4,4,5,3,3,2,2,3,2,3,5,4,4,1,2,6,3,5,6,4,3
2,3,7,7,2,0,1,2,1,3,3,6,4,8,2,2,4,6,4,6,3,0
2,3,0,3,2,3,3,4,4,3,2,5,4,1,3,3,4,5,5,3,3,3
6,0,6,4,3,3,4,7,3,5,8,7,5,2,3,2,3,4,3,4,2,4
2,2,7,9,3,4,5,8,8,5,6,6,7,0,5,6,6,6,3,4,4,3
1,6,5,8,2,3,3,7,4,4,4,3,5,8,3,4,6,3,6,6,3,7
5,2,5,3,3,4,2,6,2,2,4,5,5,4,1,4,2,6,4,5,3,4
1,3,6,2,7,5,7,8,3,1,5,5,5,9,7,2,9,4,1,4,2,3
2,5,5,2,7,3,6,2,4,2,9,2,6,2,4,5,4,6,7,3,5,3
1,3,5,4,2,0,3,5,5,4,7,3,3,4,5,5,4,7,4,2,5,8
3,0,3,2,1,7,10,3,1,4,1,2,5,4,2,0,3,7,4,2,2,4
2,2,4,9,3,2,4,7,3,3,6,3,4,11,2,0,2,4,3,5,4,3
4,3,2,5,3,5,5,5,3,0,5,6,7,5,3,1,7,6,3,3,5,4
3,1,5,6,2,2,7,3,3,3,2,2,4,8,4,3,3,6,2,1,5,4
1,3,4,3,2,1,4,7,0,2,3,2,5,9,4,4,5,3,2,5,4,7
2,2,7,7,2,3,3,9,3,1,4,3,2,7,4,5,5,5,5,3,7,3
2,1,4,1,2,2,3,3,3,2,3,3,8,4,2,2,6,7,3,3,4,3
1,0,3,3,3,6,1,5,1,2,3,8,6,3,1,6,2,5,5,3,1,3
0,2,10,5,5,1,4,4,1,2,6,5,2,6,3,3,6,3,4,3,5,7
2,2,5,9,1,3,1,3,2,2,4,2,5,5,2,1,6,1,5,3,1,1
5,5,6,3,4,5,4,3,1,0,2,6,4,9,3,1,8,4,7,2,2,3
2,1,7,1,1,1,4,3,3,0,5,2,3,1,6,0,5,5,4,4,6,5
6,2,4,2,1,5,7,5,7,4,2,2,4,3,2,0,3,5,2,3,3,7
0,0,3,5,4,2,4,5,1,2,3,3,1,7,7,3,3,8,2,2,3,1
1,2,7,4,4,1,6,2,1,3,4,8,6,5,0,2,4,3,5,4,4,3
0,4,1,4,4,4,5,6,5,5,2,1,5,4,1,4,6,3,3,5,3,5
3,1,2,3,5,1,5,3,1,1,6,1,4,5,3,3,3,2,3,2,2,2
2,2,7,4,5,1,4,3,2,2,2,2,6,10,3,3,8,6,3,4,4,2
2,3,2,6,4,3,4,4,2,1,7,5,3,3,2,3,1,5,8,4,5,4
6,2,2,5,2,1,2,6,4,4,2,3,5,2,5,6,2,5,3,4,5,3
3,3,3,1,1,3,5,4,2,2,6,1,8,4,1,2,11,5,1,1,5,5
2,7,7,3,1,3,5,2,5,1,4,3,5,5,4,2,5,3,2,2,4,3
3,2,3,3,2,3,2,2,2,2,2,1,3,3,6,6,4,3,5,2,5,4
1,1,1,5,1,2,5,2,2,0,3,3,6,6,4,3,5,6,1,1,1,2
3,2,0,3,1,6,0,6,5,1,3,4,3,5,2,1,6,3,1,4,3,1
3,5,2,3,2,1,1,5,3,3,1,4,6,6,2,3,7,3,4,1,1,2
4,3,5,4,1,3,1,6,5,1,5,3,1,8,4,5,7,6,2,3,0,4
2,1,4,2,0,2,2,6,2,2,5,3,1,4,1,4,4,3,2,2,3,4
6,3,5,7,3,3,1,4,3,5,1,3,2,5,8,3,4,5,4,3,1,3
3,2,6,2,1,2,6,4,2,4,1,3,6,4,5,2,2,4,3,0,2,3
0,4,2,3,5,2,5,6,4,0,2,1,5,3,5,5,5,4,1,1,2,1
2,3,2,5,0,0,5,2,2,5,4,1,1,5,8,0,3,7,6,1,5,2
2,3,2,4,3,2,2,5,4,1,3,3,5,6,5,4,3,3,2,2,2,5
5,5,2,10,2,3,1,2,1,2,2,1,4,6,1,3,4,4,5,4,3,1
3,5,3,5,4,5,5,5,4,4,5,3,4,5,4,2,2,7,1,7,1,3
1,1,1,4,2,5,8,4,1,2,9,5,4,1,8,2,8,3,3,1,5,9
5,3,4,4,1,4,2,4,4,3,7,9,6,5,3,2,2,6,4,3,3,3
2,4,4,4,4,0,4,3,1,3,2,10,4,3,2,1,9,3,4,3,1,2
3,2,6,2,3,5,2,2,3,2,3,1,1,5,2,3,6,3,3,1,3,1
6,4,2,5,1,4,4,6,2,5,4,3,3,3,3,4,3,4,4,6,5,1
4,2,2,3,6,2,4,2,2,2,2,2,3,6,2,1,2,2,4,4,2,3
5,2,5,5,1,3,2,10,8,1,4,6,5,1,3,3,7,7,2,6,4,4
2,2,1,4,7,1,4,2,3,3,4,1,1,2,4,2,2,4,7,1,4,7
1,5,3,3,2,1,2,3,5,4,2,3,6,3,6,9,5,2,6,4,3,5
5,3,1,5,2,3,5,2,4,6,2,3,2,4,8,5,1,6,5,2,2,3
4,7,3,2,2,5,4,1,3,1,1,7,6,5,2,7,5,1,5,5,1,6
4,4,4,2,4,5,1,3,0,4,3,2,4,2,4,5,5,4,4,5,4,4
5,4,4,1,4,0,3,3,8,5,10,6,3,3,6,6,6,4,8,7,2,2
5,4,1,2,5,2,5,3,0,3,5,6,5,4,7,5,2,6,4,6,3,5
0,1,4,4,3,8,6,2,3,7,1,3,7,5,5,3,3,1,7,4,7,1
5,4,1,3,5,4,5,3,2,1,5,3,3,4,3,8,5,1,2,4,3,5
5,2,4,4,2,1,6,3,4,4,1,2,6,7,2,4,1,7,1,6,3,6
6,3,7,2,2,3,3,2,1,4,1,1,4,3,4,2,5,2,1,4,5,4
1,1,3,2,3,5,3,2,0,2,3,2,4,3,8,4,3,4,4,5,7,5
2,4,4,2,3,1,4,3,4,1,3,4,0,1,4,5,3,1,6,7,1,1
2,2,2,9,5,3,6,5,3,2,8,5,3,2,4,5,4,0,6,6,2,1
2,3,3,5,3,3,3,3,2,3,5,2,3,2,2,0,5,4,10,7,3,1
2,6,3,1,3,5,7,8,2,0,2,4,3,2,4,3,4,1,3,2,3,4
4,0,2,1,4,4,1,5,3,1,6,4,2,1,6,6,4,2,3,3,2,2
4,2,3,0,3,4,4,3,3,1,5,1,1,1,4,6,6,6,8,3,3,6
4,4,3,2,2,3,3,2,3,0,8,3,1,3,4,3,5,1,2,3,2,4
1,3,7,6,1,6,4,1,5,4,1,3,1,5,3,1,8,5,3,5,4,3
4,2,1,2,2,3,3,2,4,2,3,6,4,1,2,6,4,1,1,3,3,4
2,4,3,3,2,2,0,2,4,3,7,4,1,3,4,2,1,5,4,3,4,0
1,2,6,0,4,3,2,2,4,6,3,8,3,3,3,6,2,1,5,4,4,2
2,1,1,2,3,4,9,2,3,3,3,1,7,3,4,4,1,2,4,10,3,5
3,0,4,4,3,3,2,2,6,2,4,1,4,8,4,4,3,6,4,2,6,3
1,2,4,4,1,4,2,2,2,3,4,5,6,3,6,3,4,3,2,3,3,4
3,4,5,5,2,2,6,6,4,5,9,4,2,2,6,3,3,1,8,4,8,2
1,3,3,4,4,4,6,3,1,0,5,4,5,3,4,3,3,3,6,3,2,0
3,1,3,10,1,4,2,6,1,2,5,2,1,4,3,6,5,5,5,3,6,2
2,0,1,2,4,2,2,4,1,4,1,6,4,2,4,1,3,4,2,4,2,3
1,2,2,2,5,1,3,6,2,3,2,0,1,3,4,1,3,0,3,2,3,6
2,3,5,3,3,2,5,3,4,2,5,2,5,3,5,5,1,3,5,1,3,1
0,2,1,2,2,3,2,1,1,2,4,0,2,2,7,1,1,2,2,3,0,4
1,1,0,2,1,3,4,4,3,3,3,4,4,2,4,1,2,4,2,5,2,2
3,0,4,5,5,1,4,4,3,1,1,3,2,3,4,10,5,3,8,5,0,3
4,2,3,5,4,4,4,2,2,2,1,4,4,1,2,6,4,1,5,4,4,6
1,2,2,4,0,4,5,3,1,2,3,3,0,2,5,3,5,3,3,4,4,11
2,1,7,1,4,2,3,9,6,1,4,1,5,4,1,2,2,6,3,2,0,8
3,5,7,5,3,6,8,2,4,0,2,4,2,1,3,3,4,5,4,1,3,3
2,2,1,5,0,4,7,4,1,2,3,3,1,2,2,3,0,1,5,2,1,4
1,1,6,2,1,3,6,2,2,0,5,2,2,6,5,5,2,3,4,4,1,3
2,2,4,3,3,1,4,5,2,1,6,4,4,2,3,5,2,1,7,2,2,3
2,4,4,2,1,2,2,4,1,2,3,6,4,2,2,8,2,6,4,2,2,2
1,3,3,4,3,2,3,5,4,2,1,4,4,4,2,3,2,3,4,2,3,3
0,2,6,7,4,1,4,4,3,6,2,1,0,3,5,4,5,5,3,2,0,2
3,2,5,6,0,1,2,5,4,3,4,2,4,4,6,2,7,1,7,4,1,2
2,1,5,2,1,0,2,3,0,1,1,3,6,4,2,2,3,4,4,3,4,1
0,1,2,8,4,1,2,5,2,3,2,3,1,3,0,1,3,1,2,2,1,5
1,4,4,2,4,2,3,6,3,2,2,1,3,5,3,3,3,6,5,3,5,3
1,0,6,6,2,2,4,3,2,1,2,6,8,4,3,1,0,3,7,2,2,1
3,2,5,7,1,2,4,2,2,1,2,3,4,4,4,2,2,6,3,4,5,5
1,2,4,1,1,1,4,8,3,3,0,3,2,1,4,3,2,0,3,2,0,7
1,0,4,5,3,1,5,2,2,0,1,5,3,3,4,5,10,5,2,2,2,6
1,2,5,6,1,4,6,4,2,1,2,0,1,10,3,0,7,2,2,5,2,3
1,1,4,1,2,2,6,7,3,1,5,3,3,2,2,0,8,3,4,2,2,6
1,0,4,3,1,0,4,7,1,2,2,3,5,0,1,1,3,7,3,5,2,3
1,1,1,2,1,1,1,2,2,2,4,4,7,3,1,2,3,4,1,1,8,6
0,4,4,7,1,1,2,5,1,2,5,3,5,1,3,2,4,4,3,1,6,2
0,0,4,5,1,2,2,2,1,3,0,0,5,1,3,3,3,2,2,2,2,2
2,1,5,3,0,3,5,2,2,1,3,3,3,3,1,2,5,3,2,2,4,1
0,1,3,6,0,1,1,2,0,0,1,2,3,6,1,5,9,3,2,4,0,5
2,1,3,1,1,2,1,5,0,1,1,1,3,1,2,3,3,7,3,5,1,1
0,0,4,1,3,2,3,2,2,1,2,3,3,7,3,2,4,5,2,1,2,4
0,2,1,1,2,0,5,2,2,1,2,1,4,3,1,0,2,5,2,5,1,1
2,0,3,0,0,1,2,1,1,2,3,2,4,2,1,3,2,4,2,3,3,0
1,1,5,2,3,1,2,1,0,0,3,0,3,3,0,2,3,4,2,3,2,5
0,1,7,5,4,1,4,3,0,1,1,1,5,4,1,1,1,4,2,2,2,3
0,1,4,3,2,0,1,1,2,1,0,1,7,7,2,0,5,3,3,2,2,1
2,3,4,3,0,0,5,2,2,3,2,1,6,6,3,0,5,5,0,5,1,2
3,0,4,2,1,2,3,6,0,1,4,2,2,7,3,1,7,3,6,3,3,6
1,3,5,3,1,4,1,4,0,2,1,1,3,2,5,2,2,5,3,1,2,0
0,0,4,2,1,1,5,4,1,1,3,0,2,4,1,3,4,3,2,4,2,1
2,1,1,1,2,1,3,6,1,1,0,2,6,5,2,1,7,5,0,3,0,2
0,1,1,2,0,1,2,4,1,1,1,1,2,8,1,5,3,3,2,2,1,0
1,1,5,2,1,2,3,8,0,1,2,0,5,4,3,1,5,3,2,2,2,0
1,2,0,1,1,0,5,3,1,0,1,5,10,5,1,3,5,5,1,3,0,2
2,1,3,3,3,2,3,2,1,2,4,0,2,3,1,0,2,1,1,4,1,3
1,2,0,4,2,2,0,5,1,0,2,1,4,2,0,1,3,2,2,1,3,1
1,1,4,6,1,0,4,3,0,1,0,4,4,6,2,1,1,3,3,1,1,3
1,0,1,4,2,0,4,3,0,3,3,1,2,8,3,2,3,5,3,1,2,0
1,1,4,4,1,1,0,4,2,1,1,1,4,7,0,1,3,3,2,0,0,0
0,1,3,2,1,1,1,6,0,0,0,2,5,5,2,2,4,3,0,2,3,0
1,0,4,3,2,1,1,4,0,0,0,4,1,8,2,2,2,5,3,2,0,0
2,1,3,3,0,4,4,2,2,3,3,2,5,4,2,2,4,1,1,1,2,1
0,1,2,1,1,0,2,1,1,0,0,2,6,5,2,3,4,6,4,2,2,0
0,0,0,3,3,1,3,2,2,0,1,1,6,5,2,2,2,4,2,4,2,1
2,3,1,1,0,2,3,2,1,0,3,0,2,6,2,2,1,3,1,1,1,1
0,0,4,1,0,2,2,2,0,0,1,2,3,5,1,0,5,4,1,3,0,0
1,0,4,1,2,1,3,2,0,2,3,2,3,2,1,2,4,1,2,0,2,2
0,0,2,3,1,0,1,2,0,1,1,3,3,1,0,0,7,4,1,1,3,2
1,1,5,6,2,2,7,1,1,0,1,1,3,1,1,1,5,1,2,0,1,3
0,0,4,0,1,0,2,0,0,1,2,2,4,4,1,2,3,2,1,2,2,0
0,0,2,3,0,0,1,3,1,0,2,3,4,1,0,0,2,5,3,0,0,2
0,2,0,4,1,2,0,2,3,0,0,2,6,4,0,1,5,1,2,1,1,1
0,0,0,1,1,2,0,2,2,0,4,2,4,2,4,1,7,2,1,2,0,2
0,0,1,2,1,2,1,2,1,0,1,2,4,4,2,1,5,2,1,2,3,1
1,0,0,1,1,0,1,1,1,2,0,0,6,4,0,0,3,4,0,1,2,0
1,0,3,2,0,0,3,2,0,0,0,1,4,4,0,1,1,4,0,1,1,3
4,0,0,3,1,2,2,1,0,0,2,1,5,3,1,0,2,2,1,0,3,2
0,1,3,2,0,1,0,3,0,1,1,0,2,1,1,2,2,9,0,0,3,1
0,1,2,0,0,1,1,1,1,0,0,1,5,2,1,0,2,4,1,1,0,1
0,0,0,2,0,0,3,3,0,1,4,0,5,5,0,0,7,3,1,0,2,3
2,0,1,0,1,0,0,1,0,0,0,0,1,1,1,0,3,1,1,3,1,2
0,0,2,3,0,0,1,0,1,0,1,2,2,3,0,0,0,3,1,1,0,1
0,0,2,0,1,0,0,2,1,0,0,0,4,6,0,1,3,2,1,1,2,0
3,0,1,1,0,2,0,1,0,0,1,0,6,5,2,0,2,4,1,1,0,1
1,0,1,2,0,0,0,3,0,2,2,0,3,5,1,0,3,3,1,1,1,1
0,0,0,0,3,0,2,1,0,0,0,1,4,2,1,2,1,1,1,1,2,1
1,1,3,1,1,0,1,3,1,0,0,1,4,3,0,1,3,3,0,0,2,0
0,1,0,3,1,1,2,5,1,0,2,0,3,3,0,1,3,2,1,1,0,1
0,0,3,1,1,3,1,0,1,1,0,0,0,2,0,2,7,2,1,2,1,2
0,0,3,1,0,0,0,4,1,0,3,0,3,5,3,0,1,1,0,1,1,2
0,0,0,3,2,2,2,0,0,0,0,1,3,2,2,0,2,2,0,0,1,1
1,0,1,2,1,1,3,4,0,1,0,0,1,2,0,0,1,2,0,1,1,0
0,0,3,0,0,1,1,1,0,0,0,0,0,4,1,0,5,1,0,0,0,1
0,0,2,1,1,0,0,0,1,0,1,1,1,1,1,1,4,3,1,0,1,0
0,0,2,2,0,1,2,1,0,1,0,1,3,5,2,1,5,5,2,0,1,0
0,1,1,0,1,1,0,0,0,0,0,0,4,1,0,0,3,1,0,2,1,0
0,0,1,0,1,1,1,3,2,0,0,0,3,3,1,0,1,2,0,0,3,0
0,1,0,1,0,0,1,0,1,0,0,0,3,3,2,0,1,1,2,1,1,1
0,0,1,2,1,2,1,1,2,0,1,1,4,3,1,0,2,0,1,0,0,2
2,0,1,1,0,0,0,0,0,1,0,0,3,4,0,1,2,2,0,0,0,1
1,0,1,2,0,1,0,2,0,2,1,0,1,3,1,1,0,7,1,0,3,1
2,0,0,2,1,0,1,3,1,0,0,1,2,4,0,2,1,2,1,2,0,0
0,0,0,1,2,2,2,1,0,0,0,0,2,4,1,0,3,2,2,0,0,1
1,0,1,0,0,0,1,0,0,1,0,1,1,3,0,1,0,2,0,0,0,0
1,1,0,1,0,1,1,0,0,0,0,2,3,4,0,0,2,2,0,4,3,0
1,0,0,1,0,1,0,1,0,0,0,1,1,2,0,0,1,1,0,0,0,0
1,2,0,0,0,0,1,2,2,0,0,0,2,3,0,0,2,2,0,0,0,1
0,1,1,2,0,2,1,4,0,1,1,1,4,5,0,1,2,3,1,1,1,0
0,0,2,2,1,1,3,3,0,2,0,0,2,2,0,3,1,1,0,0,0,0
1,3,0,3,0,0,0,1,0,0,0,1,1,1,0,2,1,0,0,1,0,0
0,0,1,2,0,1,1,0,0,0,0,1,1,1,0,1,0,3,0,2,1,0
0,0,1,0,0,0,1,3,0,0,0,0,2,1,0,1,1,2,0,1,0,1
0,0,0,0,0,1,0,0,0,1,1,0,2,0,0,1,2,1,0,1,0,0
1,0,3,0,2,1,1,1,0,0,1,1,1,4,0,1,2,2,1,0,1,0
0,3,4,2,2,1,0,1,0,0,1,2,0,0,2,0,3,4,0,0,1,1
2,1,0,0,0,1,1,0,1,0,1,1,3,1,0,0,1,0,1,1,2,0
0,0,1,1,0,0,0,0,1,0,1,0,2,0,0,0,2,3,3,0,1,0
0,1,4,1,0,1,0,1,1,0,0,0,1,1,0,0,1,0,0,0,2,0
0,0,1,0,0,0,0,1,0,0,0,0,1,4,0,1,2,0,0,0,3,0
0,0,0,1,0,0,1,1,0,0,0,1,3,2,0,1,0,3,0,0,0,1
1,0,2,0,1,0,0,0,2,0,0,0,2,1,1,1,4,2,0,0,1,0
0,0,0,0,1,2,1,0,0,1,1,0,1,1,2,1,0,4,0,0,0,0
1,0,0,1,0,0,0,2,1,1,1,0,2,4,0,0,0,2,0,1,0,0
1,0,2,0,0,1,1,0,0,1,0,1,2,1,1,0,2,3,0,0,1,0
0,0,1,1,0,0,0,1,0,0,0,0,0,1,0,0,0,0,0,0,2,0
0,0,2,1,1,0,1,0,1,0,1,0,2,0,1,1,2,2,0,0,2,1
0,0,1,2,0,0,1,0,3,0,1,1,1,4,0,1,2,2,0,1,2,2
0,1,3,1,0,0,0,0,0,1,1,0,0,4,1,0,1,1,0,0,0,1
0,0,0,1,0,1,2,5,0,0,0,1,1,1,0,0,2,0,0,0,0,0
1,0,1,0,1,0,0,0,0,1,1,0,2,2,0,1,1,3,1,0,0,0
1,2,0,0,1,0,0,1,0,0,0,1,0,2,0,0,3,2,1,2,0,0
0,1,0,2,0,0,1,1,0,1,0,0,2,1,3,0,1,3,0,0,1,0
0,0,0,1,0,0,0,0,1,0,1,2,0,0,1,0,0,1,0,0,1,0
0,0,0,0,1,0,0,2,0,0,0,0,0,1,2,0,1,0,1,3,0,0
1,0,0,1,0,0,1,2,0,0,0,0,3,1,1,0,4,1,0,1,0,2
0,0,0,1,0,1,0,2,1,0,1,1,3,1,0,0,0,0,2,1,1,0
1,1,0,0,0,0,1,0,0,0,0,0,2,2,1,0,0,2,1,0,0,0
0,0,1,0,0,0,0,1,0,0,0,0,0,0,1,1,2,0,1,1,1,1
0,0,1,1,0,0,3,0,0,1,0,1,1,3,0,1,0,1,1,0,2,1
0,1,1,1,0,0,0,1,1,0,1,1,0,0,1,0,2,1,0,0,0,0
1,0,1,0,0,0,0,1,1,2,0,0,0,3,1,1,2,0,0,0,0,0
2,1,0,0,0,1,1,0,1,0,0,0,1,1,2,0,0,0,1,1,1,0
0,1,2,3,0,0,0,0,0,0,0,2,0,0,0,0,1,1,0,1,1,0
0,0,0,0,0,0,2,0,1,0,0,0,0,0,0,0,1,0,0,0,0,0
0,0,1,3,0,1,0,1,0,1,0,0,2,2,1,1,0,2,0,1,0,0
1,0,0,1,0,0,0,0,2,0,0,0,1,3,0,0,1,2,1,0,0,0
0,0,1,0,0,0,2,1,2,0,1,1,1,1,1,0,1,1,0,1,0,3
1,0,0,0,0,0,1,0,0,0,1,1,2,0,1,0,0,1,0,0,1,0
0,1,0,0,0,0,0,0,1,1,0,1,0,0,1,2,1,1,0,1,2,0
0,0,1,0,1,0,1,3,0,1,0,1,1,1,0,0,0,1,1,3,1,1
1,0,2,1,0,2,1,0,1,0,0,1,1,1,0,2,0,0,1,1,0,0
0,2,1,0,1,1,2,0,0,0,0,0,0,0,0,0,1,0,0,0,1,1
1,0,0,0,1,0,0,0,0,0,0,1,1,2,0,1,0,2,3,2,1,2
0,1,0,1,1,0,0,0,0,1,0,0,0,0,0,1,1,0,0,1,0,0
0,0,0,1,0,0,0,0,0,1,1,0,1,2,0,1,0,0,0,0,1,0
0,0,1,0,0,1,1,0,0,0,0,3,0,0,0,0,0,0,1,3,0,0
0,1,0,1,0,1,1,1,0,0,0,1,0,0,0,1,3,0,1,1,1,0
0,1,2,0,0,0,0,0,0,1,0,0,0,0,0,0,0,2,0,0,0,1
0,0,0,0,2,0,0,1,0,0,0,0,0,2,1,2,0,1,0,0,1,0
0,1,0,0,0,0,0,1,0,2,0,3,0,0,0,1,0,0,1,0,1,1
0,0,0,0,0,1,0,0,1,1,0,0,0,0,0,1,1,0,1,1,0,0
0,1,0,1,0,1,0,1,0,1,1,0,1,1,0,0,2,0,0,0,0,1
1,0,0,0,0,1,1,1,0,0,0,0,1,0,0,0,0,0,0,0,0,0
1,1,0,0,0,0,0,1,0,0,2,0,0,0,1,2,1,1,1,1,0,0
0,0,1,0,0,0,0,0,0,0,0,0,0,0,0,1,1,1,1,3,0,0
0,0,1,0,0,1,0,0,0,0,0,0,1,0,1,0,1,0,0,1,0,0
0,0,0,1,2,0,0,0,0,0,0,0,1,0,0,0,0,0,1,1,0,1
0,0,1,0,1,0,0,1,1,1,1,1,1,0,0,0,0,0,0,0,0,0
0,1,0,1,1,2,1,0,2,0,0,0,0,1,1,0,0,1,2,0,1,0
0,0,2,1,1,0,0,2,0,0,1,1,0,2,1,1,1,1,0,0,0,0
0,0,1,0,0,2,1,1,1,2,0,0,0,3,0,2,1,0,1,1,0,0
1,2,1,0,0,0,0,0,1,1,1,1,0,0,0,1,0,3,0,0,0,0
1,1,0,0,0,0,0,0,0,0,1,0,0,2,1,0,1,0,1,2,0,0
0,1,0,0,0,0,0,0,0,0,1,0,0,1,0,0,3,0,1,0,0,0
0,0,1,0,0,1,0,2,0,1,0,1,0,1,0,1,0,1,0,1,0,1
0,0,0,1,0,0,0,0,0,0,1,0,0,1,0,0,0,0,0,0,1,1
1,3,0,0,0,0,0,0,0,0,0,1,1,0,0,1,1,0,1,1,1,0
1,0,0,0,0,1,0,0,0,0,0,0,0,1,0,0,0,0,1,0,1,0
0,0,0,2,0,0,1,2,1,0,0,0,0,0,1,0,1,1,0,0,0,1
0,0,0,0,0,0,1,0,0,1,1,1,0,1,3,0,1,0,0,0,0,0
1,0,0,1,1,0,0,0,0,0,1,0,1,1,0,1,0,1,0,1,0,0
0,0,0,0,1,0,0,0,1,2,2,0,1,1,1,0,0,1,1,0,0,2
1,0,1,1,0,1,0,0,0,0,1,0,0,0,0,0,2,1,0,1,1,0
2,0,0,2,0,0,0,0,1,0,0,0,0,2,0,0,0,1,0,0,0,0
0,0,0,0,1,0,2,0,1,0,0,0,0,1,0,1,1,0,0,0,2,0
0,0,0,0,0,0,2,0,0,1,0,1,0,0,1,0,0,0,0,0,1,0
1,0,0,0,0,0,1,0,0,1,2,1,1,0,0,2,0,1,1,0,0,2
0,0,0,0,0,1,0,1,0,1,0,0,1,0,0,0,0,2,0,0,0,0
0,0,1,0,0,1,1,0,0,0,0,0,0,0,1,0,0,2,3,0,1,0
1,0,1,1,0,0,0,0,0,0,0,0,0,0,2,0,1,1,0,1,1,2
1,2,0,0,1,0,1,1,0,0,1,0,0,1,0,0,0,0,0,0,0,2
0,0,1,1,1,0,1,0,0,0,0,0,0,0,0,1,0,1,0,0,0,0
0,0,0,0,0,0,0,0,0,0,0,0,1,0,0,0,0,0,0,0,0,0
0,0,0,0,0,0,0,0,0,0,0,0,0,0,0,0,0,0,0,0,0,0
0,0,0,0,0,0,0,0,0,0,0,0,0,0,0,0,0,0,0,0,0,0
0,0,0,0,0,0,0,0,0,0,0,0,0,0,0,0,0,0,0,0,0,0
0,0,0,0,0,0,0,0,0,0,0,0,0,0,0,0,0,0,0,0,0,0
0,0,0,0,0,0,0,0,0,0,0,0,0,0,0,0,0,0,0,0,0,0
0,0,0,0,0,0,0,0,0,0,0,0,0,0,0,0,0,0,0,0,0,0
0,0,0,0,0,0,0,0,0,0,0,0,0,0,0,0,0,0,0,0,0,0
0,0,0,0,0,0,0,0,0,0,0,0,0,0,0,0,0,0,0,0,0,0
0,0,0,0,0,0,0,0,0,0,0,0,0,0,0,0,0,0,0,0,0,0
0,0,0,0,0,0,0,0,0,0,0,0,0,0,0,0,0,0,0,0,0,0
0,0,0,0,0,0,0,0,0,0,0,0,0,0,0,0,0,0,0,0,0,0
0,0,0,0,0,0,0,0,0,0,0,0,0,0,0,0,0,0,0,0,0,0
0,0,0,0,0,0,0,0,0,0,0,0,0,0,0,0,0,0,0,0,0,0
0,0,0,0,0,0,0,0,0,0,0,0,0,0,0,0,0,0,0,0,0,0
0,0,0,0,0,0,0,0,0,0,0,0,0,0,0,0,0,0,0,0,0,0
0,0,0,0,0,0,0,0,0,0,0,0,0,0,0,0,0,0,0,0,0,0
0,0,0,0,0,0,0,0,0,0,0,0,0,0,0,0,0,0,0,0,0,0
0,0,0,0,0,0,0,0,0,0,0,0,0,0,0,0,0,0,0,0,0,0
0,0,0,0,0,0,0,0,0,0,0,0,0,0,0,0,0,0,0,0,0,0
0,0,0,0,0,0,0,0,0,0,0,0,0,0,0,0,0,0,0,0,0,0
0,0,0,0,0,0,0,0,0,0,0,0,0,0,0,0,0,0,0,0,0,0
0,0,0,0,0,0,0,0,0,0,0,0,0,0,0,0,0,0,0,0,0,0
0,0,0,0,0,0,0,0,0,0,0,0,0,0,0,0,0,0,0,0,0,0
0,0,0,0,0,0,0,0,0,0,0,0,0,0,0,0,0,0,0,0,0,0
0,0,0,0,0,0,0,0,0,0,0,0,0,0,0,0,0,0,0,0,0,0
0,0,0,0,0,0,0,0,0,0,0,0,0,0,0,0,0,0,0,0,0,0
0,0,0,0,0,0,0,0,0,0,0,0,0,0,0,0,0,0,0,0,0,0
0,0,0,0,0,0,0,0,0,0,0,0,0,0,0,0,0,0,0,0,0,0
0,0,0,0,0,0,0,0,0,0,0,0,0,0,0,0,0,0,0,0,0,0
0,0,0,0,0,0,0,0,0,0,0,0,0,0,0,0,0,0,0,0,0,0
0,0,0,0,0,0,0,0,0,0,0,0,0,0,0,0,0,0,0,0,0,0
0,0,0,0,0,0,0,0,0,0,0,0,0,0,0,0,0,0,0,0,0,0
