Pb
[ 8.67442008  9.90088868 10.61851544 11.76562704 13.61706338]
[0.52635412 0.60773354 0.52867515 0.68796901 0.57873268]
Fe
[6.65517912 7.28977714]
[0.7089638  0.80502854]
In
[15.32985134 17.77129673]
[0.57569236 0.64176373]
Brass
[7.89838974 8.46902692 9.33209167]
[0.57148544 0.80721579 0.54848003]
Nb
[15.76194603 15.60453588 15.39676662 15.85944969 17.16659657 16.53933437 17.13446568]
[40.08262214  3.61312467  0.56230987  0.59636315  1.09360041  0.61318187 0.39380337]
Au
[ 8.69722219  9.88720284 11.63143073 13.55478163]
[0.64979394 0.83264438 1.30233298 1.15070829]
V
[4.80104484 5.22660571]
[0.48093431 0.50729585]
Ag
[ 3.40067956  7.73286077 17.31904923]
[1.39933968 0.63406688 2.27339014]
Zn
[8.6035302  9.50273198]
[0.59787009 0.62143832]
Zr
[15.20650584 16.59312366]
[0.67380325 0.55551148]
Ti
[4.49651805 4.87492256]
[0.50540599 0.51299988]
Rh
[16.5378787  16.74553685 17.21882263 17.42023796 17.67266174]
[ 0.52779219  0.65263523 21.86744569  0.35793405  0.59820298]
Ni
[7.12135701 7.59431826 8.35542062]
[1.33529781 0.61306976 0.66598132]
W
[ 8.11545449  8.63323808  9.17155247  9.91513542  9.9944866  10.54195511 12.23410228]
[0.66449055 0.93723262 0.71764774 1.20694956 0.33701618 1.40204033 0.86552176]
U
[13.30354351 16.12832689]
[0.70284306 2.81938197]
Cu
[7.93958283 8.75050556]
[0.55466225 0.55799841]